{"C:\\Users\\Olusola\\store-manager\\api\\tests\\categories.js":{"path":"C:\\Users\\Olusola\\store-manager\\api\\tests\\categories.js","statementMap":{"0":{"start":{"line":3,"column":12},"end":{"line":3,"column":27}},"1":{"start":{"line":5,"column":13},"end":{"line":5,"column":42}},"2":{"start":{"line":7,"column":16},"end":{"line":7,"column":36}},"3":{"start":{"line":9,"column":17},"end":{"line":9,"column":50}},"4":{"start":{"line":11,"column":19},"end":{"line":11,"column":52}},"5":{"start":{"line":13,"column":20},"end":{"line":13,"column":56}},"6":{"start":{"line":15,"column":14},"end":{"line":15,"column":37}},"7":{"start":{"line":17,"column":15},"end":{"line":17,"column":46}},"8":{"start":{"line":19,"column":18},"end":{"line":19,"column":54}},"9":{"start":{"line":21,"column":19},"end":{"line":21,"column":54}},"10":{"start":{"line":23,"column":39},"end":{"line":23,"column":93}},"11":{"start":{"line":25,"column":13},"end":{"line":25,"column":36}},"12":{"start":{"line":26,"column":14},"end":{"line":28,"column":1}},"13":{"start":{"line":27,"column":2},"end":{"line":27,"column":20}},"14":{"start":{"line":30,"column":0},"end":{"line":30,"column":39}},"15":{"start":{"line":31,"column":12},"end":{"line":36,"column":1}},"16":{"start":{"line":38,"column":16},"end":{"line":44,"column":1}},"17":{"start":{"line":46,"column":16},"end":{"line":50,"column":1}},"18":{"start":{"line":52,"column":18},"end":{"line":56,"column":1}},"19":{"start":{"line":58,"column":0},"end":{"line":121,"column":3}},"20":{"start":{"line":60,"column":2},"end":{"line":67,"column":5}},"21":{"start":{"line":61,"column":4},"end":{"line":66,"column":7}},"22":{"start":{"line":62,"column":6},"end":{"line":65,"column":9}},"23":{"start":{"line":63,"column":8},"end":{"line":63,"column":36}},"24":{"start":{"line":64,"column":8},"end":{"line":64,"column":15}},"25":{"start":{"line":69,"column":2},"end":{"line":78,"column":5}},"26":{"start":{"line":70,"column":4},"end":{"line":77,"column":7}},"27":{"start":{"line":71,"column":6},"end":{"line":76,"column":9}},"28":{"start":{"line":73,"column":8},"end":{"line":73,"column":39}},"29":{"start":{"line":74,"column":8},"end":{"line":74,"column":36}},"30":{"start":{"line":75,"column":8},"end":{"line":75,"column":15}},"31":{"start":{"line":80,"column":2},"end":{"line":93,"column":5}},"32":{"start":{"line":83,"column":4},"end":{"line":92,"column":7}},"33":{"start":{"line":84,"column":6},"end":{"line":91,"column":9}},"34":{"start":{"line":85,"column":8},"end":{"line":85,"column":39}},"35":{"start":{"line":86,"column":8},"end":{"line":86,"column":36}},"36":{"start":{"line":88,"column":8},"end":{"line":88,"column":54}},"37":{"start":{"line":89,"column":8},"end":{"line":89,"column":57}},"38":{"start":{"line":90,"column":8},"end":{"line":90,"column":15}}},"fnMap":{"0":{"name":"_interopRequireDefault","decl":{"start":{"line":23,"column":9},"end":{"line":23,"column":31}},"loc":{"start":{"line":23,"column":37},"end":{"line":23,"column":95}},"line":23},"1":{"name":"theDate","decl":{"start":{"line":26,"column":23},"end":{"line":26,"column":30}},"loc":{"start":{"line":26,"column":33},"end":{"line":28,"column":1}},"line":26},"2":{"name":"(anonymous_2)","decl":{"start":{"line":58,"column":39},"end":{"line":58,"column":40}},"loc":{"start":{"line":58,"column":51},"end":{"line":121,"column":1}},"line":58},"3":{"name":"(anonymous_3)","decl":{"start":{"line":60,"column":32},"end":{"line":60,"column":33}},"loc":{"start":{"line":60,"column":44},"end":{"line":67,"column":3}},"line":60},"4":{"name":"(anonymous_4)","decl":{"start":{"line":61,"column":39},"end":{"line":61,"column":40}},"loc":{"start":{"line":61,"column":55},"end":{"line":66,"column":5}},"line":61},"5":{"name":"(anonymous_5)","decl":{"start":{"line":62,"column":131},"end":{"line":62,"column":132}},"loc":{"start":{"line":62,"column":151},"end":{"line":65,"column":7}},"line":62},"6":{"name":"(anonymous_6)","decl":{"start":{"line":69,"column":37},"end":{"line":69,"column":38}},"loc":{"start":{"line":69,"column":49},"end":{"line":78,"column":3}},"line":69},"7":{"name":"(anonymous_7)","decl":{"start":{"line":70,"column":43},"end":{"line":70,"column":44}},"loc":{"start":{"line":70,"column":59},"end":{"line":77,"column":5}},"line":70},"8":{"name":"(anonymous_8)","decl":{"start":{"line":71,"column":117},"end":{"line":71,"column":118}},"loc":{"start":{"line":71,"column":137},"end":{"line":76,"column":7}},"line":71},"9":{"name":"(anonymous_9)","decl":{"start":{"line":80,"column":33},"end":{"line":80,"column":34}},"loc":{"start":{"line":80,"column":45},"end":{"line":93,"column":3}},"line":80},"10":{"name":"(anonymous_10)","decl":{"start":{"line":83,"column":42},"end":{"line":83,"column":43}},"loc":{"start":{"line":83,"column":58},"end":{"line":92,"column":5}},"line":83},"11":{"name":"(anonymous_11)","decl":{"start":{"line":84,"column":118},"end":{"line":84,"column":119}},"loc":{"start":{"line":84,"column":138},"end":{"line":91,"column":7}},"line":84}},"branchMap":{"0":{"loc":{"start":{"line":23,"column":46},"end":{"line":23,"column":92}},"type":"cond-expr","locations":[{"start":{"line":23,"column":70},"end":{"line":23,"column":73}},{"start":{"line":23,"column":76},"end":{"line":23,"column":92}}],"line":23},"1":{"loc":{"start":{"line":23,"column":46},"end":{"line":23,"column":67}},"type":"binary-expr","locations":[{"start":{"line":23,"column":46},"end":{"line":23,"column":49}},{"start":{"line":23,"column":53},"end":{"line":23,"column":67}}],"line":23}},"s":{"0":1,"1":1,"2":1,"3":1,"4":1,"5":1,"6":1,"7":1,"8":1,"9":1,"10":5,"11":1,"12":1,"13":0,"14":1,"15":1,"16":1,"17":1,"18":1,"19":1,"20":1,"21":1,"22":1,"23":1,"24":1,"25":1,"26":1,"27":1,"28":1,"29":1,"30":1,"31":1,"32":1,"33":1,"34":1,"35":1,"36":1,"37":1,"38":1},"f":{"0":5,"1":0,"2":1,"3":1,"4":1,"5":1,"6":1,"7":1,"8":1,"9":1,"10":1,"11":1},"b":{"0":[3,2],"1":[5,5]},"_coverageSchema":"43e27e138ebf9cfc5966b082cf9a028302ed4184","hash":"08f1e4c9c4f66e88bc9191cd688dc0ef3e7d3442","contentHash":"a9a62d2d0c2ee1a7393ada71824c81d0"},"C:\\Users\\Olusola\\store-manager\\server.js":{"path":"C:\\Users\\Olusola\\store-manager\\server.js","statementMap":{"0":{"start":{"line":3,"column":0},"end":{"line":5,"column":3}},"1":{"start":{"line":7,"column":15},"end":{"line":7,"column":33}},"2":{"start":{"line":9,"column":16},"end":{"line":9,"column":48}},"3":{"start":{"line":11,"column":0},"end":{"line":11,"column":26}},"4":{"start":{"line":13,"column":18},"end":{"line":13,"column":40}},"5":{"start":{"line":15,"column":19},"end":{"line":15,"column":54}},"6":{"start":{"line":17,"column":24},"end":{"line":17,"column":53}},"7":{"start":{"line":19,"column":25},"end":{"line":19,"column":66}},"8":{"start":{"line":21,"column":16},"end":{"line":21,"column":42}},"9":{"start":{"line":23,"column":17},"end":{"line":23,"column":50}},"10":{"start":{"line":25,"column":13},"end":{"line":25,"column":42}},"11":{"start":{"line":27,"column":14},"end":{"line":27,"column":44}},"12":{"start":{"line":29,"column":12},"end":{"line":29,"column":40}},"13":{"start":{"line":31,"column":13},"end":{"line":31,"column":42}},"14":{"start":{"line":33,"column":13},"end":{"line":33,"column":42}},"15":{"start":{"line":35,"column":14},"end":{"line":35,"column":44}},"16":{"start":{"line":37,"column":16},"end":{"line":37,"column":48}},"17":{"start":{"line":39,"column":17},"end":{"line":39,"column":50}},"18":{"start":{"line":41,"column":18},"end":{"line":41,"column":52}},"19":{"start":{"line":43,"column":19},"end":{"line":43,"column":54}},"20":{"start":{"line":45,"column":17},"end":{"line":45,"column":50}},"21":{"start":{"line":47,"column":18},"end":{"line":47,"column":52}},"22":{"start":{"line":49,"column":39},"end":{"line":49,"column":93}},"23":{"start":{"line":56,"column":10},"end":{"line":56,"column":34}},"24":{"start":{"line":57,"column":0},"end":{"line":57,"column":34}},"25":{"start":{"line":58,"column":0},"end":{"line":60,"column":4}},"26":{"start":{"line":61,"column":0},"end":{"line":63,"column":3}},"27":{"start":{"line":62,"column":2},"end":{"line":62,"column":41}},"28":{"start":{"line":65,"column":0},"end":{"line":65,"column":109}},"29":{"start":{"line":68,"column":0},"end":{"line":68,"column":42}},"30":{"start":{"line":69,"column":0},"end":{"line":69,"column":48}},"31":{"start":{"line":70,"column":0},"end":{"line":70,"column":52}},"32":{"start":{"line":71,"column":0},"end":{"line":71,"column":40}},"33":{"start":{"line":72,"column":0},"end":{"line":72,"column":42}},"34":{"start":{"line":73,"column":0},"end":{"line":73,"column":50}},"35":{"start":{"line":75,"column":11},"end":{"line":75,"column":35}},"36":{"start":{"line":76,"column":0},"end":{"line":78,"column":3}},"37":{"start":{"line":77,"column":2},"end":{"line":77,"column":50}},"38":{"start":{"line":80,"column":0},"end":{"line":80,"column":22}}},"fnMap":{"0":{"name":"_interopRequireDefault","decl":{"start":{"line":49,"column":9},"end":{"line":49,"column":31}},"loc":{"start":{"line":49,"column":37},"end":{"line":49,"column":95}},"line":49},"1":{"name":"(anonymous_1)","decl":{"start":{"line":61,"column":20},"end":{"line":61,"column":21}},"loc":{"start":{"line":61,"column":40},"end":{"line":63,"column":1}},"line":61},"2":{"name":"(anonymous_2)","decl":{"start":{"line":76,"column":17},"end":{"line":76,"column":18}},"loc":{"start":{"line":76,"column":29},"end":{"line":78,"column":1}},"line":76}},"branchMap":{"0":{"loc":{"start":{"line":49,"column":46},"end":{"line":49,"column":92}},"type":"cond-expr","locations":[{"start":{"line":49,"column":70},"end":{"line":49,"column":73}},{"start":{"line":49,"column":76},"end":{"line":49,"column":92}}],"line":49},"1":{"loc":{"start":{"line":49,"column":46},"end":{"line":49,"column":67}},"type":"binary-expr","locations":[{"start":{"line":49,"column":46},"end":{"line":49,"column":49}},{"start":{"line":49,"column":53},"end":{"line":49,"column":67}}],"line":49},"2":{"loc":{"start":{"line":75,"column":11},"end":{"line":75,"column":35}},"type":"binary-expr","locations":[{"start":{"line":75,"column":11},"end":{"line":75,"column":27}},{"start":{"line":75,"column":31},"end":{"line":75,"column":35}}],"line":75}},"s":{"0":1,"1":1,"2":1,"3":1,"4":1,"5":1,"6":1,"7":1,"8":1,"9":1,"10":1,"11":1,"12":1,"13":1,"14":1,"15":1,"16":1,"17":1,"18":1,"19":1,"20":1,"21":1,"22":10,"23":1,"24":1,"25":1,"26":1,"27":0,"28":1,"29":1,"30":1,"31":1,"32":1,"33":1,"34":1,"35":1,"36":1,"37":1,"38":1},"f":{"0":10,"1":0,"2":1},"b":{"0":[0,10],"1":[10,10],"2":[1,1]},"_coverageSchema":"43e27e138ebf9cfc5966b082cf9a028302ed4184","hash":"64d2bfa2454833f6e070782e9b84543be3f78030","contentHash":"d54982cde94537a0489a5f2f4568ad2e"},"C:\\Users\\Olusola\\store-manager\\api\\routes\\users.js":{"path":"C:\\Users\\Olusola\\store-manager\\api\\routes\\users.js","statementMap":{"0":{"start":{"line":3,"column":15},"end":{"line":3,"column":33}},"1":{"start":{"line":5,"column":16},"end":{"line":5,"column":48}},"2":{"start":{"line":7,"column":12},"end":{"line":7,"column":41}},"3":{"start":{"line":9,"column":13},"end":{"line":9,"column":44}},"4":{"start":{"line":11,"column":14},"end":{"line":11,"column":44}},"5":{"start":{"line":13,"column":39},"end":{"line":13,"column":93}},"6":{"start":{"line":15,"column":13},"end":{"line":15,"column":39}},"7":{"start":{"line":17,"column":0},"end":{"line":17,"column":59}},"8":{"start":{"line":18,"column":0},"end":{"line":18,"column":62}},"9":{"start":{"line":19,"column":0},"end":{"line":19,"column":69}},"10":{"start":{"line":20,"column":0},"end":{"line":20,"column":62}},"11":{"start":{"line":21,"column":0},"end":{"line":21,"column":65}},"12":{"start":{"line":23,"column":0},"end":{"line":23,"column":24}}},"fnMap":{"0":{"name":"_interopRequireDefault","decl":{"start":{"line":13,"column":9},"end":{"line":13,"column":31}},"loc":{"start":{"line":13,"column":37},"end":{"line":13,"column":95}},"line":13}},"branchMap":{"0":{"loc":{"start":{"line":13,"column":46},"end":{"line":13,"column":92}},"type":"cond-expr","locations":[{"start":{"line":13,"column":70},"end":{"line":13,"column":73}},{"start":{"line":13,"column":76},"end":{"line":13,"column":92}}],"line":13},"1":{"loc":{"start":{"line":13,"column":46},"end":{"line":13,"column":67}},"type":"binary-expr","locations":[{"start":{"line":13,"column":46},"end":{"line":13,"column":49}},{"start":{"line":13,"column":53},"end":{"line":13,"column":67}}],"line":13}},"s":{"0":1,"1":1,"2":1,"3":1,"4":1,"5":2,"6":1,"7":1,"8":1,"9":1,"10":1,"11":1,"12":1},"f":{"0":2},"b":{"0":[1,1],"1":[2,2]},"_coverageSchema":"43e27e138ebf9cfc5966b082cf9a028302ed4184","hash":"6833678503b6b06523e7779f8dfdc4926bcbc874","contentHash":"c6293d55b05ba57622d570be23a1eced"},"C:\\Users\\Olusola\\store-manager\\api\\validation\\auth.js":{"path":"C:\\Users\\Olusola\\store-manager\\api\\validation\\auth.js","statementMap":{"0":{"start":{"line":3,"column":0},"end":{"line":5,"column":3}},"1":{"start":{"line":6,"column":0},"end":{"line":6,"column":34}},"2":{"start":{"line":7,"column":0},"end":{"line":7,"column":32}},"3":{"start":{"line":9,"column":20},"end":{"line":9,"column":43}},"4":{"start":{"line":11,"column":21},"end":{"line":11,"column":58}},"5":{"start":{"line":13,"column":12},"end":{"line":13,"column":37}},"6":{"start":{"line":15,"column":13},"end":{"line":15,"column":42}},"7":{"start":{"line":17,"column":39},"end":{"line":17,"column":93}},"8":{"start":{"line":20,"column":15},"end":{"line":20,"column":19}},"9":{"start":{"line":21,"column":2},"end":{"line":34,"column":3}},"10":{"start":{"line":22,"column":16},"end":{"line":22,"column":45}},"11":{"start":{"line":23,"column":4},"end":{"line":25,"column":5}},"12":{"start":{"line":24,"column":6},"end":{"line":24,"column":82}},"13":{"start":{"line":27,"column":18},"end":{"line":27,"column":54}},"14":{"start":{"line":28,"column":4},"end":{"line":33,"column":5}},"15":{"start":{"line":30,"column":6},"end":{"line":30,"column":114}},"16":{"start":{"line":32,"column":6},"end":{"line":32,"column":20}},"17":{"start":{"line":38,"column":15},"end":{"line":38,"column":19}},"18":{"start":{"line":39,"column":2},"end":{"line":51,"column":3}},"19":{"start":{"line":40,"column":16},"end":{"line":40,"column":45}},"20":{"start":{"line":41,"column":4},"end":{"line":43,"column":5}},"21":{"start":{"line":42,"column":6},"end":{"line":42,"column":82}},"22":{"start":{"line":44,"column":4},"end":{"line":50,"column":7}},"23":{"start":{"line":45,"column":6},"end":{"line":49,"column":7}},"24":{"start":{"line":46,"column":8},"end":{"line":46,"column":95}},"25":{"start":{"line":48,"column":8},"end":{"line":48,"column":22}}},"fnMap":{"0":{"name":"_interopRequireDefault","decl":{"start":{"line":17,"column":9},"end":{"line":17,"column":31}},"loc":{"start":{"line":17,"column":37},"end":{"line":17,"column":95}},"line":17},"1":{"name":"adminAccess","decl":{"start":{"line":19,"column":9},"end":{"line":19,"column":20}},"loc":{"start":{"line":19,"column":37},"end":{"line":35,"column":1}},"line":19},"2":{"name":"userAccess","decl":{"start":{"line":37,"column":9},"end":{"line":37,"column":19}},"loc":{"start":{"line":37,"column":36},"end":{"line":52,"column":1}},"line":37},"3":{"name":"(anonymous_3)","decl":{"start":{"line":44,"column":68},"end":{"line":44,"column":69}},"loc":{"start":{"line":44,"column":92},"end":{"line":50,"column":5}},"line":44}},"branchMap":{"0":{"loc":{"start":{"line":17,"column":46},"end":{"line":17,"column":92}},"type":"cond-expr","locations":[{"start":{"line":17,"column":70},"end":{"line":17,"column":73}},{"start":{"line":17,"column":76},"end":{"line":17,"column":92}}],"line":17},"1":{"loc":{"start":{"line":17,"column":46},"end":{"line":17,"column":67}},"type":"binary-expr","locations":[{"start":{"line":17,"column":46},"end":{"line":17,"column":49}},{"start":{"line":17,"column":53},"end":{"line":17,"column":67}}],"line":17},"2":{"loc":{"start":{"line":21,"column":2},"end":{"line":34,"column":3}},"type":"if","locations":[{"start":{"line":21,"column":2},"end":{"line":34,"column":3}},{"start":{"line":21,"column":2},"end":{"line":34,"column":3}}],"line":21},"3":{"loc":{"start":{"line":23,"column":4},"end":{"line":25,"column":5}},"type":"if","locations":[{"start":{"line":23,"column":4},"end":{"line":25,"column":5}},{"start":{"line":23,"column":4},"end":{"line":25,"column":5}}],"line":23},"4":{"loc":{"start":{"line":28,"column":4},"end":{"line":33,"column":5}},"type":"if","locations":[{"start":{"line":28,"column":4},"end":{"line":33,"column":5}},{"start":{"line":28,"column":4},"end":{"line":33,"column":5}}],"line":28},"5":{"loc":{"start":{"line":28,"column":8},"end":{"line":28,"column":103}},"type":"binary-expr","locations":[{"start":{"line":28,"column":8},"end":{"line":28,"column":31}},{"start":{"line":28,"column":35},"end":{"line":28,"column":69}},{"start":{"line":28,"column":73},"end":{"line":28,"column":103}}],"line":28},"6":{"loc":{"start":{"line":39,"column":2},"end":{"line":51,"column":3}},"type":"if","locations":[{"start":{"line":39,"column":2},"end":{"line":51,"column":3}},{"start":{"line":39,"column":2},"end":{"line":51,"column":3}}],"line":39},"7":{"loc":{"start":{"line":41,"column":4},"end":{"line":43,"column":5}},"type":"if","locations":[{"start":{"line":41,"column":4},"end":{"line":43,"column":5}},{"start":{"line":41,"column":4},"end":{"line":43,"column":5}}],"line":41},"8":{"loc":{"start":{"line":45,"column":6},"end":{"line":49,"column":7}},"type":"if","locations":[{"start":{"line":45,"column":6},"end":{"line":49,"column":7}},{"start":{"line":45,"column":6},"end":{"line":49,"column":7}}],"line":45}},"s":{"0":1,"1":1,"2":1,"3":1,"4":1,"5":1,"6":1,"7":2,"8":7,"9":7,"10":7,"11":7,"12":0,"13":7,"14":7,"15":0,"16":7,"17":5,"18":5,"19":5,"20":5,"21":0,"22":5,"23":5,"24":0,"25":5},"f":{"0":2,"1":7,"2":5,"3":5},"b":{"0":[1,1],"1":[2,2],"2":[7,0],"3":[0,7],"4":[0,7],"5":[7,7,7],"6":[5,0],"7":[0,5],"8":[0,5]},"_coverageSchema":"43e27e138ebf9cfc5966b082cf9a028302ed4184","hash":"03598c7b5e228b8a9ffed1b8785e99821828c1bc","contentHash":"6977acbc71c2b5d6a7ed4002ec51e546"},"C:\\Users\\Olusola\\store-manager\\api\\config\\keys.js":{"path":"C:\\Users\\Olusola\\store-manager\\api\\config\\keys.js","statementMap":{"0":{"start":{"line":3,"column":0},"end":{"line":5,"column":3}},"1":{"start":{"line":6,"column":0},"end":{"line":9,"column":2}}},"fnMap":{},"branchMap":{},"s":{"0":1,"1":1},"f":{},"b":{},"_coverageSchema":"43e27e138ebf9cfc5966b082cf9a028302ed4184","hash":"ec76474875662907ad8c28d9c2febfd519dd41c9","contentHash":"0d4e2076b3208b9d2f189704f9401e59"},"C:\\Users\\Olusola\\store-manager\\api\\controllers\\users.js":{"path":"C:\\Users\\Olusola\\store-manager\\api\\controllers\\users.js","statementMap":{"0":{"start":{"line":3,"column":0},"end":{"line":5,"column":3}},"1":{"start":{"line":7,"column":16},"end":{"line":7,"column":35}},"2":{"start":{"line":9,"column":17},"end":{"line":9,"column":50}},"3":{"start":{"line":11,"column":20},"end":{"line":11,"column":43}},"4":{"start":{"line":13,"column":21},"end":{"line":13,"column":58}},"5":{"start":{"line":15,"column":15},"end":{"line":15,"column":43}},"6":{"start":{"line":17,"column":16},"end":{"line":17,"column":48}},"7":{"start":{"line":19,"column":16},"end":{"line":19,"column":49}},"8":{"start":{"line":21,"column":17},"end":{"line":21,"column":50}},"9":{"start":{"line":23,"column":13},"end":{"line":23,"column":43}},"10":{"start":{"line":25,"column":14},"end":{"line":25,"column":44}},"11":{"start":{"line":27,"column":12},"end":{"line":27,"column":37}},"12":{"start":{"line":29,"column":13},"end":{"line":29,"column":42}},"13":{"start":{"line":31,"column":39},"end":{"line":31,"column":93}},"14":{"start":{"line":33,"column":33},"end":{"line":33,"column":456}},"15":{"start":{"line":33,"column":64},"end":{"line":33,"column":89}},"16":{"start":{"line":33,"column":91},"end":{"line":33,"column":453}},"17":{"start":{"line":33,"column":165},"end":{"line":33,"column":263}},"18":{"start":{"line":33,"column":182},"end":{"line":33,"column":195}},"19":{"start":{"line":33,"column":209},"end":{"line":33,"column":219}},"20":{"start":{"line":33,"column":239},"end":{"line":33,"column":253}},"21":{"start":{"line":33,"column":254},"end":{"line":33,"column":261}},"22":{"start":{"line":33,"column":264},"end":{"line":33,"column":426}},"23":{"start":{"line":33,"column":281},"end":{"line":33,"column":296}},"24":{"start":{"line":33,"column":306},"end":{"line":33,"column":424}},"25":{"start":{"line":33,"column":360},"end":{"line":33,"column":380}},"26":{"start":{"line":33,"column":401},"end":{"line":33,"column":420}},"27":{"start":{"line":33,"column":429},"end":{"line":33,"column":449}},"28":{"start":{"line":35,"column":11},"end":{"line":504,"column":1}},"29":{"start":{"line":47,"column":15},"end":{"line":100,"column":7}},"30":{"start":{"line":50,"column":6},"end":{"line":99,"column":35}},"31":{"start":{"line":51,"column":8},"end":{"line":98,"column":9}},"32":{"start":{"line":52,"column":10},"end":{"line":97,"column":11}},"33":{"start":{"line":54,"column":14},"end":{"line":54,"column":140}},"34":{"start":{"line":57,"column":14},"end":{"line":60,"column":15}},"35":{"start":{"line":58,"column":16},"end":{"line":58,"column":34}},"36":{"start":{"line":59,"column":16},"end":{"line":59,"column":22}},"37":{"start":{"line":62,"column":14},"end":{"line":62,"column":65}},"38":{"start":{"line":77,"column":14},"end":{"line":77,"column":73}},"39":{"start":{"line":78,"column":14},"end":{"line":78,"column":144}},"40":{"start":{"line":79,"column":14},"end":{"line":79,"column":96}},"41":{"start":{"line":80,"column":14},"end":{"line":80,"column":32}},"42":{"start":{"line":81,"column":14},"end":{"line":81,"column":32}},"43":{"start":{"line":82,"column":14},"end":{"line":82,"column":59}},"44":{"start":{"line":85,"column":14},"end":{"line":85,"column":36}},"45":{"start":{"line":86,"column":14},"end":{"line":86,"column":32}},"46":{"start":{"line":87,"column":14},"end":{"line":87,"column":78}},"47":{"start":{"line":90,"column":14},"end":{"line":90,"column":33}},"48":{"start":{"line":91,"column":14},"end":{"line":91,"column":49}},"49":{"start":{"line":92,"column":14},"end":{"line":92,"column":82}},"50":{"start":{"line":96,"column":14},"end":{"line":96,"column":37}},"51":{"start":{"line":103,"column":6},"end":{"line":103,"column":41}},"52":{"start":{"line":106,"column":4},"end":{"line":106,"column":18}},"53":{"start":{"line":118,"column":16},"end":{"line":193,"column":7}},"54":{"start":{"line":121,"column":6},"end":{"line":192,"column":36}},"55":{"start":{"line":122,"column":8},"end":{"line":191,"column":9}},"56":{"start":{"line":123,"column":10},"end":{"line":190,"column":11}},"57":{"start":{"line":125,"column":14},"end":{"line":125,"column":128}},"58":{"start":{"line":129,"column":14},"end":{"line":132,"column":15}},"59":{"start":{"line":130,"column":16},"end":{"line":130,"column":35}},"60":{"start":{"line":131,"column":16},"end":{"line":131,"column":22}},"61":{"start":{"line":134,"column":14},"end":{"line":134,"column":78}},"62":{"start":{"line":137,"column":14},"end":{"line":137,"column":44}},"63":{"start":{"line":138,"column":14},"end":{"line":138,"column":66}},"64":{"start":{"line":139,"column":14},"end":{"line":139,"column":33}},"65":{"start":{"line":140,"column":14},"end":{"line":140,"column":33}},"66":{"start":{"line":141,"column":14},"end":{"line":141,"column":63}},"67":{"start":{"line":144,"column":14},"end":{"line":144,"column":37}},"68":{"start":{"line":145,"column":14},"end":{"line":145,"column":32}},"69":{"start":{"line":147,"column":14},"end":{"line":150,"column":15}},"70":{"start":{"line":148,"column":16},"end":{"line":148,"column":36}},"71":{"start":{"line":149,"column":16},"end":{"line":149,"column":22}},"72":{"start":{"line":152,"column":14},"end":{"line":152,"column":101}},"73":{"start":{"line":155,"column":14},"end":{"line":155,"column":97}},"74":{"start":{"line":157,"column":14},"end":{"line":160,"column":15}},"75":{"start":{"line":158,"column":16},"end":{"line":158,"column":36}},"76":{"start":{"line":159,"column":16},"end":{"line":159,"column":22}},"77":{"start":{"line":162,"column":14},"end":{"line":162,"column":130}},"78":{"start":{"line":165,"column":14},"end":{"line":169,"column":16}},"79":{"start":{"line":173,"column":14},"end":{"line":178,"column":17}},"80":{"start":{"line":174,"column":16},"end":{"line":177,"column":19}},"81":{"start":{"line":179,"column":14},"end":{"line":179,"column":34}},"82":{"start":{"line":180,"column":14},"end":{"line":180,"column":20}},"83":{"start":{"line":183,"column":14},"end":{"line":183,"column":34}},"84":{"start":{"line":184,"column":14},"end":{"line":184,"column":51}},"85":{"start":{"line":185,"column":14},"end":{"line":185,"column":84}},"86":{"start":{"line":189,"column":14},"end":{"line":189,"column":38}},"87":{"start":{"line":196,"column":6},"end":{"line":196,"column":42}},"88":{"start":{"line":199,"column":4},"end":{"line":199,"column":17}},"89":{"start":{"line":210,"column":16},"end":{"line":238,"column":7}},"90":{"start":{"line":213,"column":6},"end":{"line":237,"column":35}},"91":{"start":{"line":214,"column":8},"end":{"line":236,"column":9}},"92":{"start":{"line":215,"column":10},"end":{"line":235,"column":11}},"93":{"start":{"line":217,"column":14},"end":{"line":217,"column":51}},"94":{"start":{"line":218,"column":14},"end":{"line":218,"column":33}},"95":{"start":{"line":219,"column":14},"end":{"line":219,"column":33}},"96":{"start":{"line":220,"column":14},"end":{"line":220,"column":59}},"97":{"start":{"line":223,"column":14},"end":{"line":223,"column":37}},"98":{"start":{"line":224,"column":14},"end":{"line":224,"column":32}},"99":{"start":{"line":225,"column":14},"end":{"line":225,"column":86}},"100":{"start":{"line":228,"column":14},"end":{"line":228,"column":33}},"101":{"start":{"line":229,"column":14},"end":{"line":229,"column":51}},"102":{"start":{"line":230,"column":14},"end":{"line":230,"column":84}},"103":{"start":{"line":234,"column":14},"end":{"line":234,"column":38}},"104":{"start":{"line":241,"column":6},"end":{"line":241,"column":42}},"105":{"start":{"line":244,"column":4},"end":{"line":244,"column":18}},"106":{"start":{"line":254,"column":16},"end":{"line":292,"column":7}},"107":{"start":{"line":257,"column":6},"end":{"line":291,"column":36}},"108":{"start":{"line":258,"column":8},"end":{"line":290,"column":9}},"109":{"start":{"line":259,"column":10},"end":{"line":289,"column":11}},"110":{"start":{"line":261,"column":14},"end":{"line":261,"column":37}},"111":{"start":{"line":262,"column":14},"end":{"line":262,"column":64}},"112":{"start":{"line":263,"column":14},"end":{"line":263,"column":33}},"113":{"start":{"line":264,"column":14},"end":{"line":264,"column":33}},"114":{"start":{"line":265,"column":14},"end":{"line":265,"column":51}},"115":{"start":{"line":268,"column":14},"end":{"line":268,"column":37}},"116":{"start":{"line":269,"column":14},"end":{"line":269,"column":32}},"117":{"start":{"line":271,"column":14},"end":{"line":274,"column":15}},"118":{"start":{"line":272,"column":16},"end":{"line":272,"column":35}},"119":{"start":{"line":273,"column":16},"end":{"line":273,"column":22}},"120":{"start":{"line":276,"column":14},"end":{"line":276,"column":101}},"121":{"start":{"line":279,"column":14},"end":{"line":279,"column":79}},"122":{"start":{"line":282,"column":14},"end":{"line":282,"column":34}},"123":{"start":{"line":283,"column":14},"end":{"line":283,"column":51}},"124":{"start":{"line":284,"column":14},"end":{"line":284,"column":84}},"125":{"start":{"line":288,"column":14},"end":{"line":288,"column":38}},"126":{"start":{"line":295,"column":6},"end":{"line":295,"column":42}},"127":{"start":{"line":298,"column":4},"end":{"line":298,"column":18}},"128":{"start":{"line":309,"column":16},"end":{"line":357,"column":7}},"129":{"start":{"line":312,"column":6},"end":{"line":356,"column":36}},"130":{"start":{"line":313,"column":8},"end":{"line":355,"column":9}},"131":{"start":{"line":314,"column":10},"end":{"line":354,"column":11}},"132":{"start":{"line":316,"column":14},"end":{"line":316,"column":35}},"133":{"start":{"line":317,"column":14},"end":{"line":317,"column":37}},"134":{"start":{"line":319,"column":14},"end":{"line":322,"column":15}},"135":{"start":{"line":320,"column":16},"end":{"line":320,"column":36}},"136":{"start":{"line":321,"column":16},"end":{"line":321,"column":22}},"137":{"start":{"line":324,"column":14},"end":{"line":324,"column":32}},"138":{"start":{"line":325,"column":14},"end":{"line":325,"column":57}},"139":{"start":{"line":326,"column":14},"end":{"line":326,"column":33}},"140":{"start":{"line":327,"column":14},"end":{"line":327,"column":87}},"141":{"start":{"line":329,"column":14},"end":{"line":332,"column":15}},"142":{"start":{"line":330,"column":16},"end":{"line":330,"column":35}},"143":{"start":{"line":331,"column":16},"end":{"line":331,"column":22}},"144":{"start":{"line":334,"column":14},"end":{"line":334,"column":101}},"145":{"start":{"line":337,"column":14},"end":{"line":337,"column":79}},"146":{"start":{"line":340,"column":14},"end":{"line":340,"column":34}},"147":{"start":{"line":341,"column":14},"end":{"line":341,"column":51}},"148":{"start":{"line":342,"column":14},"end":{"line":342,"column":84}},"149":{"start":{"line":345,"column":14},"end":{"line":345,"column":34}},"150":{"start":{"line":346,"column":14},"end":{"line":346,"column":20}},"151":{"start":{"line":349,"column":14},"end":{"line":349,"column":119}},"152":{"start":{"line":353,"column":14},"end":{"line":353,"column":38}},"153":{"start":{"line":360,"column":6},"end":{"line":360,"column":42}},"154":{"start":{"line":363,"column":4},"end":{"line":363,"column":18}},"155":{"start":{"line":374,"column":17},"end":{"line":431,"column":7}},"156":{"start":{"line":377,"column":6},"end":{"line":430,"column":36}},"157":{"start":{"line":378,"column":8},"end":{"line":429,"column":9}},"158":{"start":{"line":379,"column":10},"end":{"line":428,"column":11}},"159":{"start":{"line":381,"column":14},"end":{"line":381,"column":131}},"160":{"start":{"line":385,"column":14},"end":{"line":388,"column":15}},"161":{"start":{"line":386,"column":16},"end":{"line":386,"column":35}},"162":{"start":{"line":387,"column":16},"end":{"line":387,"column":22}},"163":{"start":{"line":390,"column":14},"end":{"line":390,"column":78}},"164":{"start":{"line":393,"column":14},"end":{"line":393,"column":63}},"165":{"start":{"line":394,"column":14},"end":{"line":394,"column":159}},"166":{"start":{"line":395,"column":14},"end":{"line":395,"column":33}},"167":{"start":{"line":396,"column":14},"end":{"line":396,"column":33}},"168":{"start":{"line":397,"column":14},"end":{"line":397,"column":76}},"169":{"start":{"line":400,"column":14},"end":{"line":400,"column":38}},"170":{"start":{"line":401,"column":14},"end":{"line":401,"column":33}},"171":{"start":{"line":403,"column":14},"end":{"line":406,"column":15}},"172":{"start":{"line":404,"column":16},"end":{"line":404,"column":36}},"173":{"start":{"line":405,"column":16},"end":{"line":405,"column":22}},"174":{"start":{"line":408,"column":14},"end":{"line":408,"column":101}},"175":{"start":{"line":411,"column":14},"end":{"line":411,"column":73}},"176":{"start":{"line":412,"column":14},"end":{"line":412,"column":210}},"177":{"start":{"line":413,"column":14},"end":{"line":413,"column":34}},"178":{"start":{"line":414,"column":14},"end":{"line":414,"column":69}},"179":{"start":{"line":417,"column":14},"end":{"line":417,"column":40}},"180":{"start":{"line":418,"column":14},"end":{"line":418,"column":88}},"181":{"start":{"line":421,"column":14},"end":{"line":421,"column":34}},"182":{"start":{"line":422,"column":14},"end":{"line":422,"column":51}},"183":{"start":{"line":423,"column":14},"end":{"line":423,"column":84}},"184":{"start":{"line":427,"column":14},"end":{"line":427,"column":38}},"185":{"start":{"line":434,"column":6},"end":{"line":434,"column":43}},"186":{"start":{"line":437,"column":4},"end":{"line":437,"column":18}},"187":{"start":{"line":447,"column":17},"end":{"line":485,"column":7}},"188":{"start":{"line":450,"column":6},"end":{"line":484,"column":36}},"189":{"start":{"line":451,"column":8},"end":{"line":483,"column":9}},"190":{"start":{"line":452,"column":10},"end":{"line":482,"column":11}},"191":{"start":{"line":454,"column":14},"end":{"line":454,"column":91}},"192":{"start":{"line":455,"column":14},"end":{"line":455,"column":33}},"193":{"start":{"line":456,"column":14},"end":{"line":456,"column":33}},"194":{"start":{"line":457,"column":14},"end":{"line":457,"column":58}},"195":{"start":{"line":460,"column":14},"end":{"line":460,"column":38}},"196":{"start":{"line":461,"column":14},"end":{"line":461,"column":33}},"197":{"start":{"line":463,"column":14},"end":{"line":466,"column":15}},"198":{"start":{"line":464,"column":16},"end":{"line":464,"column":35}},"199":{"start":{"line":465,"column":16},"end":{"line":465,"column":22}},"200":{"start":{"line":468,"column":14},"end":{"line":468,"column":101}},"201":{"start":{"line":471,"column":14},"end":{"line":471,"column":60}},"202":{"start":{"line":472,"column":14},"end":{"line":472,"column":65}},"203":{"start":{"line":475,"column":14},"end":{"line":475,"column":34}},"204":{"start":{"line":476,"column":14},"end":{"line":476,"column":51}},"205":{"start":{"line":477,"column":14},"end":{"line":477,"column":84}},"206":{"start":{"line":481,"column":14},"end":{"line":481,"column":38}},"207":{"start":{"line":488,"column":6},"end":{"line":488,"column":43}},"208":{"start":{"line":491,"column":4},"end":{"line":491,"column":19}},"209":{"start":{"line":494,"column":4},"end":{"line":502,"column":5}},"210":{"start":{"line":496,"column":6},"end":{"line":501,"column":9}},"211":{"start":{"line":497,"column":8},"end":{"line":499,"column":9}},"212":{"start":{"line":498,"column":10},"end":{"line":498,"column":27}},"213":{"start":{"line":500,"column":8},"end":{"line":500,"column":33}},"214":{"start":{"line":506,"column":0},"end":{"line":506,"column":23}}},"fnMap":{"0":{"name":"_interopRequireDefault","decl":{"start":{"line":31,"column":9},"end":{"line":31,"column":31}},"loc":{"start":{"line":31,"column":37},"end":{"line":31,"column":95}},"line":31},"1":{"name":"_asyncToGenerator","decl":{"start":{"line":33,"column":9},"end":{"line":33,"column":26}},"loc":{"start":{"line":33,"column":31},"end":{"line":33,"column":458}},"line":33},"2":{"name":"(anonymous_2)","decl":{"start":{"line":33,"column":40},"end":{"line":33,"column":41}},"loc":{"start":{"line":33,"column":52},"end":{"line":33,"column":455}},"line":33},"3":{"name":"(anonymous_3)","decl":{"start":{"line":33,"column":110},"end":{"line":33,"column":111}},"loc":{"start":{"line":33,"column":137},"end":{"line":33,"column":451}},"line":33},"4":{"name":"step","decl":{"start":{"line":33,"column":148},"end":{"line":33,"column":152}},"loc":{"start":{"line":33,"column":163},"end":{"line":33,"column":428}},"line":33},"5":{"name":"(anonymous_5)","decl":{"start":{"line":33,"column":341},"end":{"line":33,"column":342}},"loc":{"start":{"line":33,"column":358},"end":{"line":33,"column":382}},"line":33},"6":{"name":"(anonymous_6)","decl":{"start":{"line":33,"column":384},"end":{"line":33,"column":385}},"loc":{"start":{"line":33,"column":399},"end":{"line":33,"column":422}},"line":33},"7":{"name":"(anonymous_7)","decl":{"start":{"line":46,"column":10},"end":{"line":46,"column":11}},"loc":{"start":{"line":46,"column":22},"end":{"line":107,"column":3}},"line":46},"8":{"name":"_callee","decl":{"start":{"line":47,"column":80},"end":{"line":47,"column":87}},"loc":{"start":{"line":47,"column":98},"end":{"line":100,"column":5}},"line":47},"9":{"name":"_callee$","decl":{"start":{"line":50,"column":46},"end":{"line":50,"column":54}},"loc":{"start":{"line":50,"column":65},"end":{"line":99,"column":7}},"line":50},"10":{"name":"signUp","decl":{"start":{"line":102,"column":13},"end":{"line":102,"column":19}},"loc":{"start":{"line":102,"column":29},"end":{"line":104,"column":5}},"line":102},"11":{"name":"(anonymous_11)","decl":{"start":{"line":117,"column":9},"end":{"line":117,"column":10}},"loc":{"start":{"line":117,"column":21},"end":{"line":200,"column":3}},"line":117},"12":{"name":"_callee2","decl":{"start":{"line":118,"column":81},"end":{"line":118,"column":89}},"loc":{"start":{"line":118,"column":100},"end":{"line":193,"column":5}},"line":118},"13":{"name":"_callee2$","decl":{"start":{"line":121,"column":46},"end":{"line":121,"column":55}},"loc":{"start":{"line":121,"column":67},"end":{"line":192,"column":7}},"line":121},"14":{"name":"(anonymous_14)","decl":{"start":{"line":173,"column":100},"end":{"line":173,"column":101}},"loc":{"start":{"line":173,"column":122},"end":{"line":178,"column":15}},"line":173},"15":{"name":"logIn","decl":{"start":{"line":195,"column":13},"end":{"line":195,"column":18}},"loc":{"start":{"line":195,"column":29},"end":{"line":197,"column":5}},"line":195},"16":{"name":"(anonymous_16)","decl":{"start":{"line":209,"column":10},"end":{"line":209,"column":11}},"loc":{"start":{"line":209,"column":22},"end":{"line":245,"column":3}},"line":209},"17":{"name":"_callee3","decl":{"start":{"line":210,"column":81},"end":{"line":210,"column":89}},"loc":{"start":{"line":210,"column":100},"end":{"line":238,"column":5}},"line":210},"18":{"name":"_callee3$","decl":{"start":{"line":213,"column":46},"end":{"line":213,"column":55}},"loc":{"start":{"line":213,"column":67},"end":{"line":237,"column":7}},"line":213},"19":{"name":"getAll","decl":{"start":{"line":240,"column":13},"end":{"line":240,"column":19}},"loc":{"start":{"line":240,"column":30},"end":{"line":242,"column":5}},"line":240},"20":{"name":"(anonymous_20)","decl":{"start":{"line":253,"column":10},"end":{"line":253,"column":11}},"loc":{"start":{"line":253,"column":22},"end":{"line":299,"column":3}},"line":253},"21":{"name":"_callee4","decl":{"start":{"line":254,"column":81},"end":{"line":254,"column":89}},"loc":{"start":{"line":254,"column":100},"end":{"line":292,"column":5}},"line":254},"22":{"name":"_callee4$","decl":{"start":{"line":257,"column":46},"end":{"line":257,"column":55}},"loc":{"start":{"line":257,"column":67},"end":{"line":291,"column":7}},"line":257},"23":{"name":"getOne","decl":{"start":{"line":294,"column":13},"end":{"line":294,"column":19}},"loc":{"start":{"line":294,"column":30},"end":{"line":296,"column":5}},"line":294},"24":{"name":"(anonymous_24)","decl":{"start":{"line":308,"column":10},"end":{"line":308,"column":11}},"loc":{"start":{"line":308,"column":22},"end":{"line":364,"column":3}},"line":308},"25":{"name":"_callee5","decl":{"start":{"line":309,"column":81},"end":{"line":309,"column":89}},"loc":{"start":{"line":309,"column":100},"end":{"line":357,"column":5}},"line":309},"26":{"name":"_callee5$","decl":{"start":{"line":312,"column":46},"end":{"line":312,"column":55}},"loc":{"start":{"line":312,"column":67},"end":{"line":356,"column":7}},"line":312},"27":{"name":"getOwn","decl":{"start":{"line":359,"column":13},"end":{"line":359,"column":19}},"loc":{"start":{"line":359,"column":31},"end":{"line":361,"column":5}},"line":359},"28":{"name":"(anonymous_28)","decl":{"start":{"line":373,"column":10},"end":{"line":373,"column":11}},"loc":{"start":{"line":373,"column":22},"end":{"line":438,"column":3}},"line":373},"29":{"name":"_callee6","decl":{"start":{"line":374,"column":82},"end":{"line":374,"column":90}},"loc":{"start":{"line":374,"column":101},"end":{"line":431,"column":5}},"line":374},"30":{"name":"_callee6$","decl":{"start":{"line":377,"column":46},"end":{"line":377,"column":55}},"loc":{"start":{"line":377,"column":67},"end":{"line":430,"column":7}},"line":377},"31":{"name":"update","decl":{"start":{"line":433,"column":13},"end":{"line":433,"column":19}},"loc":{"start":{"line":433,"column":32},"end":{"line":435,"column":5}},"line":433},"32":{"name":"(anonymous_32)","decl":{"start":{"line":446,"column":10},"end":{"line":446,"column":11}},"loc":{"start":{"line":446,"column":22},"end":{"line":492,"column":3}},"line":446},"33":{"name":"_callee7","decl":{"start":{"line":447,"column":82},"end":{"line":447,"column":90}},"loc":{"start":{"line":447,"column":101},"end":{"line":485,"column":5}},"line":447},"34":{"name":"_callee7$","decl":{"start":{"line":450,"column":46},"end":{"line":450,"column":55}},"loc":{"start":{"line":450,"column":67},"end":{"line":484,"column":7}},"line":450},"35":{"name":"_delete","decl":{"start":{"line":487,"column":13},"end":{"line":487,"column":20}},"loc":{"start":{"line":487,"column":33},"end":{"line":489,"column":5}},"line":487},"36":{"name":"logout","decl":{"start":{"line":493,"column":19},"end":{"line":493,"column":25}},"loc":{"start":{"line":493,"column":42},"end":{"line":503,"column":3}},"line":493},"37":{"name":"(anonymous_37)","decl":{"start":{"line":496,"column":26},"end":{"line":496,"column":27}},"loc":{"start":{"line":496,"column":41},"end":{"line":501,"column":7}},"line":496}},"branchMap":{"0":{"loc":{"start":{"line":31,"column":46},"end":{"line":31,"column":92}},"type":"cond-expr","locations":[{"start":{"line":31,"column":70},"end":{"line":31,"column":73}},{"start":{"line":31,"column":76},"end":{"line":31,"column":92}}],"line":31},"1":{"loc":{"start":{"line":31,"column":46},"end":{"line":31,"column":67}},"type":"binary-expr","locations":[{"start":{"line":31,"column":46},"end":{"line":31,"column":49}},{"start":{"line":31,"column":53},"end":{"line":31,"column":67}}],"line":31},"2":{"loc":{"start":{"line":33,"column":264},"end":{"line":33,"column":426}},"type":"if","locations":[{"start":{"line":33,"column":264},"end":{"line":33,"column":426}},{"start":{"line":33,"column":264},"end":{"line":33,"column":426}}],"line":33},"3":{"loc":{"start":{"line":52,"column":10},"end":{"line":97,"column":11}},"type":"switch","locations":[{"start":{"line":53,"column":12},"end":{"line":62,"column":65}},{"start":{"line":64,"column":12},"end":{"line":82,"column":59}},{"start":{"line":84,"column":12},"end":{"line":87,"column":78}},{"start":{"line":89,"column":12},"end":{"line":92,"column":82}},{"start":{"line":94,"column":12},"end":{"line":94,"column":20}},{"start":{"line":95,"column":12},"end":{"line":96,"column":37}}],"line":52},"4":{"loc":{"start":{"line":57,"column":14},"end":{"line":60,"column":15}},"type":"if","locations":[{"start":{"line":57,"column":14},"end":{"line":60,"column":15}},{"start":{"line":57,"column":14},"end":{"line":60,"column":15}}],"line":57},"5":{"loc":{"start":{"line":123,"column":10},"end":{"line":190,"column":11}},"type":"switch","locations":[{"start":{"line":124,"column":12},"end":{"line":134,"column":78}},{"start":{"line":136,"column":12},"end":{"line":141,"column":63}},{"start":{"line":143,"column":12},"end":{"line":152,"column":101}},{"start":{"line":154,"column":12},"end":{"line":162,"column":130}},{"start":{"line":164,"column":12},"end":{"line":180,"column":20}},{"start":{"line":182,"column":12},"end":{"line":185,"column":84}},{"start":{"line":187,"column":12},"end":{"line":187,"column":20}},{"start":{"line":188,"column":12},"end":{"line":189,"column":38}}],"line":123},"6":{"loc":{"start":{"line":129,"column":14},"end":{"line":132,"column":15}},"type":"if","locations":[{"start":{"line":129,"column":14},"end":{"line":132,"column":15}},{"start":{"line":129,"column":14},"end":{"line":132,"column":15}}],"line":129},"7":{"loc":{"start":{"line":147,"column":14},"end":{"line":150,"column":15}},"type":"if","locations":[{"start":{"line":147,"column":14},"end":{"line":150,"column":15}},{"start":{"line":147,"column":14},"end":{"line":150,"column":15}}],"line":147},"8":{"loc":{"start":{"line":157,"column":14},"end":{"line":160,"column":15}},"type":"if","locations":[{"start":{"line":157,"column":14},"end":{"line":160,"column":15}},{"start":{"line":157,"column":14},"end":{"line":160,"column":15}}],"line":157},"9":{"loc":{"start":{"line":215,"column":10},"end":{"line":235,"column":11}},"type":"switch","locations":[{"start":{"line":216,"column":12},"end":{"line":220,"column":59}},{"start":{"line":222,"column":12},"end":{"line":225,"column":86}},{"start":{"line":227,"column":12},"end":{"line":230,"column":84}},{"start":{"line":232,"column":12},"end":{"line":232,"column":20}},{"start":{"line":233,"column":12},"end":{"line":234,"column":38}}],"line":215},"10":{"loc":{"start":{"line":259,"column":10},"end":{"line":289,"column":11}},"type":"switch","locations":[{"start":{"line":260,"column":12},"end":{"line":265,"column":51}},{"start":{"line":267,"column":12},"end":{"line":276,"column":101}},{"start":{"line":278,"column":12},"end":{"line":279,"column":79}},{"start":{"line":281,"column":12},"end":{"line":284,"column":84}},{"start":{"line":286,"column":12},"end":{"line":286,"column":20}},{"start":{"line":287,"column":12},"end":{"line":288,"column":38}}],"line":259},"11":{"loc":{"start":{"line":271,"column":14},"end":{"line":274,"column":15}},"type":"if","locations":[{"start":{"line":271,"column":14},"end":{"line":274,"column":15}},{"start":{"line":271,"column":14},"end":{"line":274,"column":15}}],"line":271},"12":{"loc":{"start":{"line":314,"column":10},"end":{"line":354,"column":11}},"type":"switch","locations":[{"start":{"line":315,"column":12},"end":{"line":334,"column":101}},{"start":{"line":336,"column":12},"end":{"line":337,"column":79}},{"start":{"line":339,"column":12},"end":{"line":342,"column":84}},{"start":{"line":344,"column":12},"end":{"line":346,"column":20}},{"start":{"line":348,"column":12},"end":{"line":349,"column":119}},{"start":{"line":351,"column":12},"end":{"line":351,"column":20}},{"start":{"line":352,"column":12},"end":{"line":353,"column":38}}],"line":314},"13":{"loc":{"start":{"line":319,"column":14},"end":{"line":322,"column":15}},"type":"if","locations":[{"start":{"line":319,"column":14},"end":{"line":322,"column":15}},{"start":{"line":319,"column":14},"end":{"line":322,"column":15}}],"line":319},"14":{"loc":{"start":{"line":329,"column":14},"end":{"line":332,"column":15}},"type":"if","locations":[{"start":{"line":329,"column":14},"end":{"line":332,"column":15}},{"start":{"line":329,"column":14},"end":{"line":332,"column":15}}],"line":329},"15":{"loc":{"start":{"line":379,"column":10},"end":{"line":428,"column":11}},"type":"switch","locations":[{"start":{"line":380,"column":12},"end":{"line":390,"column":78}},{"start":{"line":392,"column":12},"end":{"line":397,"column":76}},{"start":{"line":399,"column":12},"end":{"line":408,"column":101}},{"start":{"line":410,"column":12},"end":{"line":414,"column":69}},{"start":{"line":416,"column":12},"end":{"line":418,"column":88}},{"start":{"line":420,"column":12},"end":{"line":423,"column":84}},{"start":{"line":425,"column":12},"end":{"line":425,"column":20}},{"start":{"line":426,"column":12},"end":{"line":427,"column":38}}],"line":379},"16":{"loc":{"start":{"line":385,"column":14},"end":{"line":388,"column":15}},"type":"if","locations":[{"start":{"line":385,"column":14},"end":{"line":388,"column":15}},{"start":{"line":385,"column":14},"end":{"line":388,"column":15}}],"line":385},"17":{"loc":{"start":{"line":403,"column":14},"end":{"line":406,"column":15}},"type":"if","locations":[{"start":{"line":403,"column":14},"end":{"line":406,"column":15}},{"start":{"line":403,"column":14},"end":{"line":406,"column":15}}],"line":403},"18":{"loc":{"start":{"line":412,"column":24},"end":{"line":412,"column":61}},"type":"binary-expr","locations":[{"start":{"line":412,"column":24},"end":{"line":412,"column":41}},{"start":{"line":412,"column":45},"end":{"line":412,"column":61}}],"line":412},"19":{"loc":{"start":{"line":412,"column":63},"end":{"line":412,"column":102}},"type":"binary-expr","locations":[{"start":{"line":412,"column":63},"end":{"line":412,"column":81}},{"start":{"line":412,"column":85},"end":{"line":412,"column":102}}],"line":412},"20":{"loc":{"start":{"line":412,"column":104},"end":{"line":412,"column":153}},"type":"binary-expr","locations":[{"start":{"line":412,"column":104},"end":{"line":412,"column":127}},{"start":{"line":412,"column":131},"end":{"line":412,"column":153}}],"line":412},"21":{"loc":{"start":{"line":412,"column":155},"end":{"line":412,"column":181}},"type":"binary-expr","locations":[{"start":{"line":412,"column":155},"end":{"line":412,"column":161}},{"start":{"line":412,"column":165},"end":{"line":412,"column":181}}],"line":412},"22":{"loc":{"start":{"line":452,"column":10},"end":{"line":482,"column":11}},"type":"switch","locations":[{"start":{"line":453,"column":12},"end":{"line":457,"column":58}},{"start":{"line":459,"column":12},"end":{"line":468,"column":101}},{"start":{"line":470,"column":12},"end":{"line":472,"column":65}},{"start":{"line":474,"column":12},"end":{"line":477,"column":84}},{"start":{"line":479,"column":12},"end":{"line":479,"column":20}},{"start":{"line":480,"column":12},"end":{"line":481,"column":38}}],"line":452},"23":{"loc":{"start":{"line":463,"column":14},"end":{"line":466,"column":15}},"type":"if","locations":[{"start":{"line":463,"column":14},"end":{"line":466,"column":15}},{"start":{"line":463,"column":14},"end":{"line":466,"column":15}}],"line":463},"24":{"loc":{"start":{"line":494,"column":4},"end":{"line":502,"column":5}},"type":"if","locations":[{"start":{"line":494,"column":4},"end":{"line":502,"column":5}},{"start":{"line":494,"column":4},"end":{"line":502,"column":5}}],"line":494},"25":{"loc":{"start":{"line":497,"column":8},"end":{"line":499,"column":9}},"type":"if","locations":[{"start":{"line":497,"column":8},"end":{"line":499,"column":9}},{"start":{"line":497,"column":8},"end":{"line":499,"column":9}}],"line":497}},"s":{"0":1,"1":1,"2":1,"3":1,"4":1,"5":1,"6":1,"7":1,"8":1,"9":1,"10":1,"11":1,"12":1,"13":6,"14":7,"15":5,"16":5,"17":8,"18":8,"19":8,"20":0,"21":0,"22":8,"23":5,"24":3,"25":3,"26":0,"27":5,"28":1,"29":1,"30":1,"31":3,"32":4,"33":1,"34":1,"35":1,"36":1,"37":0,"38":1,"39":1,"40":1,"41":1,"42":1,"43":1,"44":1,"45":1,"46":1,"47":0,"48":0,"49":0,"50":1,"51":1,"52":1,"53":1,"54":2,"55":4,"56":4,"57":2,"58":2,"59":0,"60":0,"61":2,"62":0,"63":0,"64":0,"65":0,"66":0,"67":0,"68":0,"69":0,"70":0,"71":0,"72":0,"73":0,"74":0,"75":0,"76":0,"77":0,"78":0,"79":0,"80":0,"81":0,"82":0,"83":0,"84":0,"85":0,"86":2,"87":2,"88":1,"89":1,"90":1,"91":3,"92":3,"93":1,"94":1,"95":1,"96":1,"97":1,"98":1,"99":1,"100":0,"101":0,"102":0,"103":1,"104":1,"105":1,"106":1,"107":1,"108":3,"109":4,"110":1,"111":1,"112":1,"113":1,"114":1,"115":1,"116":1,"117":1,"118":1,"119":1,"120":0,"121":1,"122":0,"123":0,"124":0,"125":1,"126":1,"127":1,"128":1,"129":0,"130":0,"131":0,"132":0,"133":0,"134":0,"135":0,"136":0,"137":0,"138":0,"139":0,"140":0,"141":0,"142":0,"143":0,"144":0,"145":0,"146":0,"147":0,"148":0,"149":0,"150":0,"151":0,"152":0,"153":0,"154":1,"155":1,"156":0,"157":0,"158":0,"159":0,"160":0,"161":0,"162":0,"163":0,"164":0,"165":0,"166":0,"167":0,"168":0,"169":0,"170":0,"171":0,"172":0,"173":0,"174":0,"175":0,"176":0,"177":0,"178":0,"179":0,"180":0,"181":0,"182":0,"183":0,"184":0,"185":0,"186":1,"187":1,"188":0,"189":0,"190":0,"191":0,"192":0,"193":0,"194":0,"195":0,"196":0,"197":0,"198":0,"199":0,"200":0,"201":0,"202":0,"203":0,"204":0,"205":0,"206":0,"207":0,"208":1,"209":0,"210":0,"211":0,"212":0,"213":0,"214":1},"f":{"0":6,"1":7,"2":5,"3":5,"4":8,"5":3,"6":0,"7":1,"8":1,"9":3,"10":1,"11":1,"12":2,"13":4,"14":0,"15":2,"16":1,"17":1,"18":3,"19":1,"20":1,"21":1,"22":3,"23":1,"24":1,"25":0,"26":0,"27":0,"28":1,"29":0,"30":0,"31":0,"32":1,"33":0,"34":0,"35":0,"36":0,"37":0},"b":{"0":[4,2],"1":[6,6],"2":[5,3],"3":[1,1,1,0,0,1],"4":[1,0],"5":[2,0,0,0,0,0,0,2],"6":[0,2],"7":[0,0],"8":[0,0],"9":[1,1,0,0,1],"10":[1,1,1,0,0,1],"11":[1,0],"12":[0,0,0,0,0,0,0],"13":[0,0],"14":[0,0],"15":[0,0,0,0,0,0,0,0],"16":[0,0],"17":[0,0],"18":[0,0],"19":[0,0],"20":[0,0],"21":[0,0],"22":[0,0,0,0,0,0],"23":[0,0],"24":[0,0],"25":[0,0]},"_coverageSchema":"43e27e138ebf9cfc5966b082cf9a028302ed4184","hash":"cba4df659bef25b10f6a46b5a47f32d27e94f45a","contentHash":"76e345e2447ed11b6569db610b49b217"},"C:\\Users\\Olusola\\store-manager\\api\\models\\connect.js":{"path":"C:\\Users\\Olusola\\store-manager\\api\\models\\connect.js","statementMap":{"0":{"start":{"line":3,"column":0},"end":{"line":5,"column":3}},"1":{"start":{"line":7,"column":10},"end":{"line":7,"column":23}},"2":{"start":{"line":9,"column":14},"end":{"line":9,"column":31}},"3":{"start":{"line":11,"column":15},"end":{"line":11,"column":46}},"4":{"start":{"line":13,"column":39},"end":{"line":13,"column":93}},"5":{"start":{"line":15,"column":0},"end":{"line":15,"column":26}},"6":{"start":{"line":21,"column":20},"end":{"line":26,"column":1}},"7":{"start":{"line":22,"column":2},"end":{"line":24,"column":3}},"8":{"start":{"line":23,"column":4},"end":{"line":23,"column":41}},"9":{"start":{"line":25,"column":2},"end":{"line":25,"column":34}},"10":{"start":{"line":28,"column":11},"end":{"line":30,"column":2}},"11":{"start":{"line":31,"column":0},"end":{"line":33,"column":3}},"12":{"start":{"line":32,"column":2},"end":{"line":32,"column":33}},"13":{"start":{"line":35,"column":0},"end":{"line":51,"column":2}},"14":{"start":{"line":43,"column":4},"end":{"line":49,"column":7}},"15":{"start":{"line":44,"column":6},"end":{"line":48,"column":9}},"16":{"start":{"line":45,"column":8},"end":{"line":45,"column":21}},"17":{"start":{"line":47,"column":8},"end":{"line":47,"column":20}}},"fnMap":{"0":{"name":"_interopRequireDefault","decl":{"start":{"line":13,"column":9},"end":{"line":13,"column":31}},"loc":{"start":{"line":13,"column":37},"end":{"line":13,"column":95}},"line":13},"1":{"name":"connectionEnv","decl":{"start":{"line":21,"column":29},"end":{"line":21,"column":42}},"loc":{"start":{"line":21,"column":45},"end":{"line":26,"column":1}},"line":21},"2":{"name":"(anonymous_2)","decl":{"start":{"line":31,"column":19},"end":{"line":31,"column":20}},"loc":{"start":{"line":31,"column":31},"end":{"line":33,"column":1}},"line":31},"3":{"name":"query","decl":{"start":{"line":42,"column":18},"end":{"line":42,"column":23}},"loc":{"start":{"line":42,"column":38},"end":{"line":50,"column":3}},"line":42},"4":{"name":"(anonymous_4)","decl":{"start":{"line":43,"column":23},"end":{"line":43,"column":24}},"loc":{"start":{"line":43,"column":50},"end":{"line":49,"column":5}},"line":43},"5":{"name":"(anonymous_5)","decl":{"start":{"line":44,"column":36},"end":{"line":44,"column":37}},"loc":{"start":{"line":44,"column":51},"end":{"line":46,"column":7}},"line":44},"6":{"name":"(anonymous_6)","decl":{"start":{"line":46,"column":15},"end":{"line":46,"column":16}},"loc":{"start":{"line":46,"column":30},"end":{"line":48,"column":7}},"line":46}},"branchMap":{"0":{"loc":{"start":{"line":13,"column":46},"end":{"line":13,"column":92}},"type":"cond-expr","locations":[{"start":{"line":13,"column":70},"end":{"line":13,"column":73}},{"start":{"line":13,"column":76},"end":{"line":13,"column":92}}],"line":13},"1":{"loc":{"start":{"line":13,"column":46},"end":{"line":13,"column":67}},"type":"binary-expr","locations":[{"start":{"line":13,"column":46},"end":{"line":13,"column":49}},{"start":{"line":13,"column":53},"end":{"line":13,"column":67}}],"line":13},"2":{"loc":{"start":{"line":22,"column":2},"end":{"line":24,"column":3}},"type":"if","locations":[{"start":{"line":22,"column":2},"end":{"line":24,"column":3}},{"start":{"line":22,"column":2},"end":{"line":24,"column":3}}],"line":22}},"s":{"0":1,"1":1,"2":1,"3":1,"4":1,"5":1,"6":1,"7":1,"8":1,"9":0,"10":1,"11":1,"12":1,"13":1,"14":12,"15":12,"16":12,"17":0},"f":{"0":1,"1":1,"2":1,"3":12,"4":12,"5":12,"6":0},"b":{"0":[0,1],"1":[1,1],"2":[1,0]},"_coverageSchema":"43e27e138ebf9cfc5966b082cf9a028302ed4184","hash":"e6dcb4aad51f6d8a760617bc9f2926a490496adf","contentHash":"ba58efaff38d47c511252cab49e8221e"},"C:\\Users\\Olusola\\store-manager\\api\\validation\\register.js":{"path":"C:\\Users\\Olusola\\store-manager\\api\\validation\\register.js","statementMap":{"0":{"start":{"line":3,"column":0},"end":{"line":5,"column":3}},"1":{"start":{"line":6,"column":0},"end":{"line":6,"column":35}},"2":{"start":{"line":8,"column":17},"end":{"line":8,"column":37}},"3":{"start":{"line":10,"column":18},"end":{"line":10,"column":52}},"4":{"start":{"line":12,"column":18},"end":{"line":12,"column":41}},"5":{"start":{"line":14,"column":19},"end":{"line":14,"column":54}},"6":{"start":{"line":16,"column":39},"end":{"line":16,"column":93}},"7":{"start":{"line":20,"column":15},"end":{"line":20,"column":17}},"8":{"start":{"line":21,"column":2},"end":{"line":21,"column":128}},"9":{"start":{"line":22,"column":2},"end":{"line":22,"column":132}},"10":{"start":{"line":23,"column":2},"end":{"line":23,"column":158}},"11":{"start":{"line":24,"column":2},"end":{"line":24,"column":128}},"12":{"start":{"line":25,"column":2},"end":{"line":25,"column":146}},"13":{"start":{"line":27,"column":2},"end":{"line":29,"column":3}},"14":{"start":{"line":28,"column":4},"end":{"line":28,"column":70}},"15":{"start":{"line":31,"column":2},"end":{"line":33,"column":3}},"16":{"start":{"line":32,"column":4},"end":{"line":32,"column":46}},"17":{"start":{"line":35,"column":2},"end":{"line":37,"column":3}},"18":{"start":{"line":36,"column":4},"end":{"line":36,"column":75}},"19":{"start":{"line":39,"column":2},"end":{"line":41,"column":3}},"20":{"start":{"line":40,"column":4},"end":{"line":40,"column":63}},"21":{"start":{"line":43,"column":2},"end":{"line":45,"column":3}},"22":{"start":{"line":44,"column":4},"end":{"line":44,"column":46}},"23":{"start":{"line":47,"column":2},"end":{"line":51,"column":4}}},"fnMap":{"0":{"name":"_interopRequireDefault","decl":{"start":{"line":16,"column":9},"end":{"line":16,"column":31}},"loc":{"start":{"line":16,"column":37},"end":{"line":16,"column":95}},"line":16},"1":{"name":"validateRegister","decl":{"start":{"line":19,"column":9},"end":{"line":19,"column":25}},"loc":{"start":{"line":19,"column":33},"end":{"line":52,"column":1}},"line":19}},"branchMap":{"0":{"loc":{"start":{"line":16,"column":46},"end":{"line":16,"column":92}},"type":"cond-expr","locations":[{"start":{"line":16,"column":70},"end":{"line":16,"column":73}},{"start":{"line":16,"column":76},"end":{"line":16,"column":92}}],"line":16},"1":{"loc":{"start":{"line":16,"column":46},"end":{"line":16,"column":67}},"type":"binary-expr","locations":[{"start":{"line":16,"column":46},"end":{"line":16,"column":49}},{"start":{"line":16,"column":53},"end":{"line":16,"column":67}}],"line":16},"2":{"loc":{"start":{"line":21,"column":19},"end":{"line":21,"column":127}},"type":"cond-expr","locations":[{"start":{"line":21,"column":64},"end":{"line":21,"column":78}},{"start":{"line":21,"column":81},"end":{"line":21,"column":127}}],"line":21},"3":{"loc":{"start":{"line":22,"column":20},"end":{"line":22,"column":131}},"type":"cond-expr","locations":[{"start":{"line":22,"column":66},"end":{"line":22,"column":81}},{"start":{"line":22,"column":84},"end":{"line":22,"column":131}}],"line":22},"4":{"loc":{"start":{"line":23,"column":25},"end":{"line":23,"column":157}},"type":"cond-expr","locations":[{"start":{"line":23,"column":76},"end":{"line":23,"column":96}},{"start":{"line":23,"column":99},"end":{"line":23,"column":157}}],"line":23},"5":{"loc":{"start":{"line":24,"column":19},"end":{"line":24,"column":127}},"type":"cond-expr","locations":[{"start":{"line":24,"column":64},"end":{"line":24,"column":78}},{"start":{"line":24,"column":81},"end":{"line":24,"column":127}}],"line":24},"6":{"loc":{"start":{"line":25,"column":20},"end":{"line":25,"column":145}},"type":"cond-expr","locations":[{"start":{"line":25,"column":66},"end":{"line":25,"column":81}},{"start":{"line":25,"column":84},"end":{"line":25,"column":145}}],"line":25},"7":{"loc":{"start":{"line":27,"column":2},"end":{"line":29,"column":3}},"type":"if","locations":[{"start":{"line":27,"column":2},"end":{"line":29,"column":3}},{"start":{"line":27,"column":2},"end":{"line":29,"column":3}}],"line":27},"8":{"loc":{"start":{"line":31,"column":2},"end":{"line":33,"column":3}},"type":"if","locations":[{"start":{"line":31,"column":2},"end":{"line":33,"column":3}},{"start":{"line":31,"column":2},"end":{"line":33,"column":3}}],"line":31},"9":{"loc":{"start":{"line":35,"column":2},"end":{"line":37,"column":3}},"type":"if","locations":[{"start":{"line":35,"column":2},"end":{"line":37,"column":3}},{"start":{"line":35,"column":2},"end":{"line":37,"column":3}}],"line":35},"10":{"loc":{"start":{"line":39,"column":2},"end":{"line":41,"column":3}},"type":"if","locations":[{"start":{"line":39,"column":2},"end":{"line":41,"column":3}},{"start":{"line":39,"column":2},"end":{"line":41,"column":3}}],"line":39},"11":{"loc":{"start":{"line":43,"column":2},"end":{"line":45,"column":3}},"type":"if","locations":[{"start":{"line":43,"column":2},"end":{"line":45,"column":3}},{"start":{"line":43,"column":2},"end":{"line":45,"column":3}}],"line":43}},"s":{"0":1,"1":1,"2":1,"3":1,"4":1,"5":1,"6":2,"7":1,"8":1,"9":1,"10":1,"11":1,"12":1,"13":1,"14":0,"15":1,"16":0,"17":1,"18":0,"19":1,"20":0,"21":1,"22":0,"23":1},"f":{"0":2,"1":1},"b":{"0":[1,1],"1":[2,2],"2":[1,0],"3":[1,0],"4":[1,0],"5":[1,0],"6":[1,0],"7":[0,1],"8":[0,1],"9":[0,1],"10":[0,1],"11":[0,1]},"_coverageSchema":"43e27e138ebf9cfc5966b082cf9a028302ed4184","hash":"cc91ed27a78503ca100924c631aedd1d16047136","contentHash":"e34d0fd3ee15cf75a59393773d380b63"},"C:\\Users\\Olusola\\store-manager\\api\\validation\\checkEmpty.js":{"path":"C:\\Users\\Olusola\\store-manager\\api\\validation\\checkEmpty.js","statementMap":{"0":{"start":{"line":3,"column":0},"end":{"line":5,"column":3}},"1":{"start":{"line":7,"column":14},"end":{"line":7,"column":268}},"2":{"start":{"line":7,"column":101},"end":{"line":7,"column":119}},"3":{"start":{"line":7,"column":141},"end":{"line":7,"column":266}},"4":{"start":{"line":9,"column":17},"end":{"line":11,"column":1}},"5":{"start":{"line":10,"column":2},"end":{"line":10,"column":218}},"6":{"start":{"line":13,"column":0},"end":{"line":13,"column":29}}},"fnMap":{"0":{"name":"(anonymous_0)","decl":{"start":{"line":7,"column":84},"end":{"line":7,"column":85}},"loc":{"start":{"line":7,"column":99},"end":{"line":7,"column":121}},"line":7},"1":{"name":"(anonymous_1)","decl":{"start":{"line":7,"column":124},"end":{"line":7,"column":125}},"loc":{"start":{"line":7,"column":139},"end":{"line":7,"column":268}},"line":7},"2":{"name":"checkEmpty","decl":{"start":{"line":9,"column":26},"end":{"line":9,"column":36}},"loc":{"start":{"line":9,"column":44},"end":{"line":11,"column":1}},"line":9}},"branchMap":{"0":{"loc":{"start":{"line":7,"column":14},"end":{"line":7,"column":268}},"type":"cond-expr","locations":[{"start":{"line":7,"column":84},"end":{"line":7,"column":121}},{"start":{"line":7,"column":124},"end":{"line":7,"column":268}}],"line":7},"1":{"loc":{"start":{"line":7,"column":14},"end":{"line":7,"column":81}},"type":"binary-expr","locations":[{"start":{"line":7,"column":14},"end":{"line":7,"column":42}},{"start":{"line":7,"column":46},"end":{"line":7,"column":81}}],"line":7},"2":{"loc":{"start":{"line":7,"column":148},"end":{"line":7,"column":265}},"type":"cond-expr","locations":[{"start":{"line":7,"column":244},"end":{"line":7,"column":252}},{"start":{"line":7,"column":255},"end":{"line":7,"column":265}}],"line":7},"3":{"loc":{"start":{"line":7,"column":148},"end":{"line":7,"column":241}},"type":"binary-expr","locations":[{"start":{"line":7,"column":148},"end":{"line":7,"column":151}},{"start":{"line":7,"column":155},"end":{"line":7,"column":183}},{"start":{"line":7,"column":187},"end":{"line":7,"column":213}},{"start":{"line":7,"column":217},"end":{"line":7,"column":241}}],"line":7},"4":{"loc":{"start":{"line":10,"column":9},"end":{"line":10,"column":217}},"type":"binary-expr","locations":[{"start":{"line":10,"column":9},"end":{"line":10,"column":28}},{"start":{"line":10,"column":32},"end":{"line":10,"column":46}},{"start":{"line":10,"column":50},"end":{"line":10,"column":124}},{"start":{"line":10,"column":128},"end":{"line":10,"column":159}},{"start":{"line":10,"column":163},"end":{"line":10,"column":188}},{"start":{"line":10,"column":192},"end":{"line":10,"column":217}}],"line":10},"5":{"loc":{"start":{"line":10,"column":51},"end":{"line":10,"column":110}},"type":"cond-expr","locations":[{"start":{"line":10,"column":82},"end":{"line":10,"column":93}},{"start":{"line":10,"column":96},"end":{"line":10,"column":110}}],"line":10}},"s":{"0":1,"1":1,"2":21,"3":0,"4":1,"5":23,"6":1},"f":{"0":21,"1":0,"2":23},"b":{"0":[1,0],"1":[1,1],"2":[0,0],"3":[0,0,0,0],"4":[23,21,21,6,17,15],"5":[0,21]},"_coverageSchema":"43e27e138ebf9cfc5966b082cf9a028302ed4184","hash":"43d0888361a144f37f44236414b93718625bbe11","contentHash":"1b5623be6542dfa9afd074e931a85161"},"C:\\Users\\Olusola\\store-manager\\api\\validation\\login.js":{"path":"C:\\Users\\Olusola\\store-manager\\api\\validation\\login.js","statementMap":{"0":{"start":{"line":3,"column":0},"end":{"line":5,"column":3}},"1":{"start":{"line":6,"column":0},"end":{"line":6,"column":32}},"2":{"start":{"line":8,"column":17},"end":{"line":8,"column":37}},"3":{"start":{"line":10,"column":18},"end":{"line":10,"column":52}},"4":{"start":{"line":12,"column":18},"end":{"line":12,"column":41}},"5":{"start":{"line":14,"column":19},"end":{"line":14,"column":54}},"6":{"start":{"line":16,"column":39},"end":{"line":16,"column":93}},"7":{"start":{"line":20,"column":15},"end":{"line":20,"column":17}},"8":{"start":{"line":21,"column":2},"end":{"line":21,"column":133}},"9":{"start":{"line":22,"column":2},"end":{"line":22,"column":128}},"10":{"start":{"line":24,"column":2},"end":{"line":26,"column":3}},"11":{"start":{"line":25,"column":4},"end":{"line":25,"column":46}},"12":{"start":{"line":28,"column":2},"end":{"line":30,"column":3}},"13":{"start":{"line":29,"column":4},"end":{"line":29,"column":63}},"14":{"start":{"line":31,"column":2},"end":{"line":35,"column":4}}},"fnMap":{"0":{"name":"_interopRequireDefault","decl":{"start":{"line":16,"column":9},"end":{"line":16,"column":31}},"loc":{"start":{"line":16,"column":37},"end":{"line":16,"column":95}},"line":16},"1":{"name":"validateLogin","decl":{"start":{"line":19,"column":9},"end":{"line":19,"column":22}},"loc":{"start":{"line":19,"column":30},"end":{"line":36,"column":1}},"line":19}},"branchMap":{"0":{"loc":{"start":{"line":16,"column":46},"end":{"line":16,"column":92}},"type":"cond-expr","locations":[{"start":{"line":16,"column":70},"end":{"line":16,"column":73}},{"start":{"line":16,"column":76},"end":{"line":16,"column":92}}],"line":16},"1":{"loc":{"start":{"line":16,"column":46},"end":{"line":16,"column":67}},"type":"binary-expr","locations":[{"start":{"line":16,"column":46},"end":{"line":16,"column":49}},{"start":{"line":16,"column":53},"end":{"line":16,"column":67}}],"line":16},"2":{"loc":{"start":{"line":21,"column":20},"end":{"line":21,"column":132}},"type":"cond-expr","locations":[{"start":{"line":21,"column":66},"end":{"line":21,"column":81}},{"start":{"line":21,"column":84},"end":{"line":21,"column":132}}],"line":21},"3":{"loc":{"start":{"line":22,"column":19},"end":{"line":22,"column":127}},"type":"cond-expr","locations":[{"start":{"line":22,"column":64},"end":{"line":22,"column":78}},{"start":{"line":22,"column":81},"end":{"line":22,"column":127}}],"line":22},"4":{"loc":{"start":{"line":24,"column":2},"end":{"line":26,"column":3}},"type":"if","locations":[{"start":{"line":24,"column":2},"end":{"line":26,"column":3}},{"start":{"line":24,"column":2},"end":{"line":26,"column":3}}],"line":24},"5":{"loc":{"start":{"line":28,"column":2},"end":{"line":30,"column":3}},"type":"if","locations":[{"start":{"line":28,"column":2},"end":{"line":30,"column":3}},{"start":{"line":28,"column":2},"end":{"line":30,"column":3}}],"line":28}},"s":{"0":1,"1":1,"2":1,"3":1,"4":1,"5":1,"6":2,"7":2,"8":2,"9":2,"10":2,"11":1,"12":2,"13":1,"14":2},"f":{"0":2,"1":2},"b":{"0":[1,1],"1":[2,2],"2":[1,1],"3":[1,1],"4":[1,1],"5":[1,1]},"_coverageSchema":"43e27e138ebf9cfc5966b082cf9a028302ed4184","hash":"75b23ffe55e1eb91affd316ea184989729853574","contentHash":"416c3ac409b1c8d845e6a4bc3dcf196c"},"C:\\Users\\Olusola\\store-manager\\api\\routes\\auth.js":{"path":"C:\\Users\\Olusola\\store-manager\\api\\routes\\auth.js","statementMap":{"0":{"start":{"line":3,"column":15},"end":{"line":3,"column":33}},"1":{"start":{"line":5,"column":16},"end":{"line":5,"column":48}},"2":{"start":{"line":7,"column":12},"end":{"line":7,"column":41}},"3":{"start":{"line":9,"column":13},"end":{"line":9,"column":44}},"4":{"start":{"line":11,"column":14},"end":{"line":11,"column":44}},"5":{"start":{"line":13,"column":39},"end":{"line":13,"column":93}},"6":{"start":{"line":15,"column":13},"end":{"line":15,"column":39}},"7":{"start":{"line":18,"column":0},"end":{"line":18,"column":45}},"8":{"start":{"line":19,"column":0},"end":{"line":19,"column":66}},"9":{"start":{"line":20,"column":0},"end":{"line":20,"column":47}},"10":{"start":{"line":21,"column":0},"end":{"line":21,"column":24}}},"fnMap":{"0":{"name":"_interopRequireDefault","decl":{"start":{"line":13,"column":9},"end":{"line":13,"column":31}},"loc":{"start":{"line":13,"column":37},"end":{"line":13,"column":95}},"line":13}},"branchMap":{"0":{"loc":{"start":{"line":13,"column":46},"end":{"line":13,"column":92}},"type":"cond-expr","locations":[{"start":{"line":13,"column":70},"end":{"line":13,"column":73}},{"start":{"line":13,"column":76},"end":{"line":13,"column":92}}],"line":13},"1":{"loc":{"start":{"line":13,"column":46},"end":{"line":13,"column":67}},"type":"binary-expr","locations":[{"start":{"line":13,"column":46},"end":{"line":13,"column":49}},{"start":{"line":13,"column":53},"end":{"line":13,"column":67}}],"line":13}},"s":{"0":1,"1":1,"2":1,"3":1,"4":1,"5":2,"6":1,"7":1,"8":1,"9":1,"10":1},"f":{"0":2},"b":{"0":[1,1],"1":[2,2]},"_coverageSchema":"43e27e138ebf9cfc5966b082cf9a028302ed4184","hash":"73a0837eaed347064056b7c58ed1cced41408f34","contentHash":"3f5ec461ee5c9478470e7420d0dc0938"},"C:\\Users\\Olusola\\store-manager\\api\\routes\\sales.js":{"path":"C:\\Users\\Olusola\\store-manager\\api\\routes\\sales.js","statementMap":{"0":{"start":{"line":3,"column":15},"end":{"line":3,"column":33}},"1":{"start":{"line":5,"column":16},"end":{"line":5,"column":48}},"2":{"start":{"line":7,"column":12},"end":{"line":7,"column":41}},"3":{"start":{"line":9,"column":13},"end":{"line":9,"column":44}},"4":{"start":{"line":11,"column":14},"end":{"line":11,"column":44}},"5":{"start":{"line":13,"column":39},"end":{"line":13,"column":93}},"6":{"start":{"line":15,"column":13},"end":{"line":15,"column":39}},"7":{"start":{"line":17,"column":0},"end":{"line":17,"column":59}},"8":{"start":{"line":18,"column":0},"end":{"line":18,"column":62}},"9":{"start":{"line":19,"column":0},"end":{"line":19,"column":59}},"10":{"start":{"line":21,"column":0},"end":{"line":21,"column":24}}},"fnMap":{"0":{"name":"_interopRequireDefault","decl":{"start":{"line":13,"column":9},"end":{"line":13,"column":31}},"loc":{"start":{"line":13,"column":37},"end":{"line":13,"column":95}},"line":13}},"branchMap":{"0":{"loc":{"start":{"line":13,"column":46},"end":{"line":13,"column":92}},"type":"cond-expr","locations":[{"start":{"line":13,"column":70},"end":{"line":13,"column":73}},{"start":{"line":13,"column":76},"end":{"line":13,"column":92}}],"line":13},"1":{"loc":{"start":{"line":13,"column":46},"end":{"line":13,"column":67}},"type":"binary-expr","locations":[{"start":{"line":13,"column":46},"end":{"line":13,"column":49}},{"start":{"line":13,"column":53},"end":{"line":13,"column":67}}],"line":13}},"s":{"0":1,"1":1,"2":1,"3":1,"4":1,"5":2,"6":1,"7":1,"8":1,"9":1,"10":1},"f":{"0":2},"b":{"0":[1,1],"1":[2,2]},"_coverageSchema":"43e27e138ebf9cfc5966b082cf9a028302ed4184","hash":"576da12d1a8783ebc854938ec5c92afc719af603","contentHash":"e6ceae6efd88c946b9c7ce9877c41592"},"C:\\Users\\Olusola\\store-manager\\api\\controllers\\sales.js":{"path":"C:\\Users\\Olusola\\store-manager\\api\\controllers\\sales.js","statementMap":{"0":{"start":{"line":3,"column":0},"end":{"line":5,"column":3}},"1":{"start":{"line":7,"column":15},"end":{"line":7,"column":43}},"2":{"start":{"line":9,"column":16},"end":{"line":9,"column":48}},"3":{"start":{"line":11,"column":13},"end":{"line":11,"column":43}},"4":{"start":{"line":13,"column":14},"end":{"line":13,"column":44}},"5":{"start":{"line":15,"column":39},"end":{"line":15,"column":93}},"6":{"start":{"line":17,"column":33},"end":{"line":17,"column":456}},"7":{"start":{"line":17,"column":64},"end":{"line":17,"column":89}},"8":{"start":{"line":17,"column":91},"end":{"line":17,"column":453}},"9":{"start":{"line":17,"column":165},"end":{"line":17,"column":263}},"10":{"start":{"line":17,"column":182},"end":{"line":17,"column":195}},"11":{"start":{"line":17,"column":209},"end":{"line":17,"column":219}},"12":{"start":{"line":17,"column":239},"end":{"line":17,"column":253}},"13":{"start":{"line":17,"column":254},"end":{"line":17,"column":261}},"14":{"start":{"line":17,"column":264},"end":{"line":17,"column":426}},"15":{"start":{"line":17,"column":281},"end":{"line":17,"column":296}},"16":{"start":{"line":17,"column":306},"end":{"line":17,"column":424}},"17":{"start":{"line":17,"column":360},"end":{"line":17,"column":380}},"18":{"start":{"line":17,"column":401},"end":{"line":17,"column":420}},"19":{"start":{"line":17,"column":429},"end":{"line":17,"column":449}},"20":{"start":{"line":19,"column":12},"end":{"line":175,"column":1}},"21":{"start":{"line":28,"column":15},"end":{"line":69,"column":7}},"22":{"start":{"line":31,"column":6},"end":{"line":68,"column":35}},"23":{"start":{"line":32,"column":8},"end":{"line":67,"column":9}},"24":{"start":{"line":33,"column":10},"end":{"line":66,"column":11}},"25":{"start":{"line":35,"column":14},"end":{"line":35,"column":128}},"26":{"start":{"line":39,"column":14},"end":{"line":42,"column":15}},"27":{"start":{"line":40,"column":16},"end":{"line":40,"column":34}},"28":{"start":{"line":41,"column":16},"end":{"line":41,"column":22}},"29":{"start":{"line":44,"column":14},"end":{"line":44,"column":77}},"30":{"start":{"line":47,"column":14},"end":{"line":47,"column":148}},"31":{"start":{"line":48,"column":14},"end":{"line":48,"column":120}},"32":{"start":{"line":49,"column":14},"end":{"line":49,"column":32}},"33":{"start":{"line":50,"column":14},"end":{"line":50,"column":32}},"34":{"start":{"line":51,"column":14},"end":{"line":51,"column":59}},"35":{"start":{"line":54,"column":14},"end":{"line":54,"column":36}},"36":{"start":{"line":55,"column":14},"end":{"line":55,"column":32}},"37":{"start":{"line":56,"column":14},"end":{"line":56,"column":78}},"38":{"start":{"line":59,"column":14},"end":{"line":59,"column":33}},"39":{"start":{"line":60,"column":14},"end":{"line":60,"column":49}},"40":{"start":{"line":61,"column":14},"end":{"line":61,"column":82}},"41":{"start":{"line":65,"column":14},"end":{"line":65,"column":37}},"42":{"start":{"line":72,"column":6},"end":{"line":72,"column":41}},"43":{"start":{"line":75,"column":4},"end":{"line":75,"column":18}},"44":{"start":{"line":85,"column":16},"end":{"line":113,"column":7}},"45":{"start":{"line":88,"column":6},"end":{"line":112,"column":35}},"46":{"start":{"line":89,"column":8},"end":{"line":111,"column":9}},"47":{"start":{"line":90,"column":10},"end":{"line":110,"column":11}},"48":{"start":{"line":92,"column":14},"end":{"line":92,"column":51}},"49":{"start":{"line":93,"column":14},"end":{"line":93,"column":33}},"50":{"start":{"line":94,"column":14},"end":{"line":94,"column":33}},"51":{"start":{"line":95,"column":14},"end":{"line":95,"column":59}},"52":{"start":{"line":98,"column":14},"end":{"line":98,"column":37}},"53":{"start":{"line":99,"column":14},"end":{"line":99,"column":32}},"54":{"start":{"line":100,"column":14},"end":{"line":100,"column":86}},"55":{"start":{"line":103,"column":14},"end":{"line":103,"column":33}},"56":{"start":{"line":104,"column":14},"end":{"line":104,"column":51}},"57":{"start":{"line":105,"column":14},"end":{"line":105,"column":84}},"58":{"start":{"line":109,"column":14},"end":{"line":109,"column":38}},"59":{"start":{"line":116,"column":6},"end":{"line":116,"column":42}},"60":{"start":{"line":119,"column":4},"end":{"line":119,"column":18}},"61":{"start":{"line":129,"column":16},"end":{"line":167,"column":7}},"62":{"start":{"line":132,"column":6},"end":{"line":166,"column":36}},"63":{"start":{"line":133,"column":8},"end":{"line":165,"column":9}},"64":{"start":{"line":134,"column":10},"end":{"line":164,"column":11}},"65":{"start":{"line":136,"column":14},"end":{"line":136,"column":37}},"66":{"start":{"line":137,"column":14},"end":{"line":137,"column":64}},"67":{"start":{"line":138,"column":14},"end":{"line":138,"column":33}},"68":{"start":{"line":139,"column":14},"end":{"line":139,"column":33}},"69":{"start":{"line":140,"column":14},"end":{"line":140,"column":51}},"70":{"start":{"line":143,"column":14},"end":{"line":143,"column":37}},"71":{"start":{"line":144,"column":14},"end":{"line":144,"column":32}},"72":{"start":{"line":146,"column":14},"end":{"line":149,"column":15}},"73":{"start":{"line":147,"column":16},"end":{"line":147,"column":35}},"74":{"start":{"line":148,"column":16},"end":{"line":148,"column":22}},"75":{"start":{"line":151,"column":14},"end":{"line":151,"column":101}},"76":{"start":{"line":154,"column":14},"end":{"line":154,"column":79}},"77":{"start":{"line":157,"column":14},"end":{"line":157,"column":34}},"78":{"start":{"line":158,"column":14},"end":{"line":158,"column":51}},"79":{"start":{"line":159,"column":14},"end":{"line":159,"column":84}},"80":{"start":{"line":163,"column":14},"end":{"line":163,"column":38}},"81":{"start":{"line":170,"column":6},"end":{"line":170,"column":42}},"82":{"start":{"line":173,"column":4},"end":{"line":173,"column":18}},"83":{"start":{"line":177,"column":0},"end":{"line":177,"column":24}}},"fnMap":{"0":{"name":"_interopRequireDefault","decl":{"start":{"line":15,"column":9},"end":{"line":15,"column":31}},"loc":{"start":{"line":15,"column":37},"end":{"line":15,"column":95}},"line":15},"1":{"name":"_asyncToGenerator","decl":{"start":{"line":17,"column":9},"end":{"line":17,"column":26}},"loc":{"start":{"line":17,"column":31},"end":{"line":17,"column":458}},"line":17},"2":{"name":"(anonymous_2)","decl":{"start":{"line":17,"column":40},"end":{"line":17,"column":41}},"loc":{"start":{"line":17,"column":52},"end":{"line":17,"column":455}},"line":17},"3":{"name":"(anonymous_3)","decl":{"start":{"line":17,"column":110},"end":{"line":17,"column":111}},"loc":{"start":{"line":17,"column":137},"end":{"line":17,"column":451}},"line":17},"4":{"name":"step","decl":{"start":{"line":17,"column":148},"end":{"line":17,"column":152}},"loc":{"start":{"line":17,"column":163},"end":{"line":17,"column":428}},"line":17},"5":{"name":"(anonymous_5)","decl":{"start":{"line":17,"column":341},"end":{"line":17,"column":342}},"loc":{"start":{"line":17,"column":358},"end":{"line":17,"column":382}},"line":17},"6":{"name":"(anonymous_6)","decl":{"start":{"line":17,"column":384},"end":{"line":17,"column":385}},"loc":{"start":{"line":17,"column":399},"end":{"line":17,"column":422}},"line":17},"7":{"name":"(anonymous_7)","decl":{"start":{"line":27,"column":10},"end":{"line":27,"column":11}},"loc":{"start":{"line":27,"column":22},"end":{"line":76,"column":3}},"line":27},"8":{"name":"_callee","decl":{"start":{"line":28,"column":80},"end":{"line":28,"column":87}},"loc":{"start":{"line":28,"column":98},"end":{"line":69,"column":5}},"line":28},"9":{"name":"_callee$","decl":{"start":{"line":31,"column":46},"end":{"line":31,"column":54}},"loc":{"start":{"line":31,"column":65},"end":{"line":68,"column":7}},"line":31},"10":{"name":"create","decl":{"start":{"line":71,"column":13},"end":{"line":71,"column":19}},"loc":{"start":{"line":71,"column":29},"end":{"line":73,"column":5}},"line":71},"11":{"name":"(anonymous_11)","decl":{"start":{"line":84,"column":10},"end":{"line":84,"column":11}},"loc":{"start":{"line":84,"column":22},"end":{"line":120,"column":3}},"line":84},"12":{"name":"_callee2","decl":{"start":{"line":85,"column":81},"end":{"line":85,"column":89}},"loc":{"start":{"line":85,"column":100},"end":{"line":113,"column":5}},"line":85},"13":{"name":"_callee2$","decl":{"start":{"line":88,"column":46},"end":{"line":88,"column":55}},"loc":{"start":{"line":88,"column":67},"end":{"line":112,"column":7}},"line":88},"14":{"name":"ge
[...]
4ab1d6d6edffa99f85627a4a64c0f"},"C:\\Users\\Olusola\\store-manager\\api\\tests\\products.js":{"path":"C:\\Users\\Olusola\\store-manager\\api\\tests\\products.js","statementMap":{"0":{"start":{"line":3,"column":12},"end":{"line":3,"column":27}},"1":{"start":{"line":5,"column":13},"end":{"line":5,"column":42}},"2":{"start":{"line":7,"column":16},"end":{"line":7,"column":36}},"3":{"start":{"line":9,"column":17},"end":{"line":9,"column":50}},"4":{"start":{"line":11,"column":19},"end":{"line":11,"column":52}},"5":{"start":{"line":13,"column":20},"end":{"line":13,"column":56}},"6":{"start":{"line":15,"column":14},"end":{"line":15,"column":37}},"7":{"start":{"line":17,"column":15},"end":{"line":17,"column":46}},"8":{"start":{"line":19,"column":16},"end":{"line":19,"column":50}},"9":{"start":{"line":21,"column":17},"end":{"line":21,"column":50}},"10":{"start":{"line":23,"column":39},"end":{"line":23,"column":93}},"11":{"start":{"line":25,"column":13},"end":{"line":25,"column":36}},"12":{"start":{"line":26,"column":14},"end":{"line":28,"column":1}},"13":{"start":{"line":27,"column":2},"end":{"line":27,"column":20}},"14":{"start":{"line":30,"column":0},"end":{"line":30,"column":39}},"15":{"start":{"line":31,"column":12},"end":{"line":36,"column":1}},"16":{"start":{"line":38,"column":16},"end":{"line":44,"column":1}},"17":{"start":{"line":46,"column":15},"end":{"line":54,"column":1}},"18":{"start":{"line":56,"column":17},"end":{"line":64,"column":1}},"19":{"start":{"line":66,"column":0},"end":{"line":130,"column":3}},"20":{"start":{"line":68,"column":2},"end":{"line":75,"column":5}},"21":{"start":{"line":69,"column":4},"end":{"line":74,"column":7}},"22":{"start":{"line":70,"column":6},"end":{"line":73,"column":9}},"23":{"start":{"line":71,"column":8},"end":{"line":71,"column":36}},"24":{"start":{"line":72,"column":8},"end":{"line":72,"column":15}},"25":{"start":{"line":77,"column":2},"end":{"line":86,"column":5}},"26":{"start":{"line":78,"column":4},"end":{"line":85,"column":7}},"27":{"start":{"line":79,"column":6},"end":{"line":84,"column":9}},"28":{"start":{"line":81,"column":8},"end":{"line":81,"column":39}},"29":{"start":{"line":82,"column":8},"end":{"line":82,"column":36}},"30":{"start":{"line":83,"column":8},"end":{"line":83,"column":15}},"31":{"start":{"line":88,"column":2},"end":{"line":102,"column":5}},"32":{"start":{"line":91,"column":4},"end":{"line":101,"column":7}},"33":{"start":{"line":92,"column":6},"end":{"line":100,"column":9}},"34":{"start":{"line":93,"column":8},"end":{"line":93,"column":39}},"35":{"start":{"line":94,"column":8},"end":{"line":94,"column":36}},"36":{"start":{"line":96,"column":8},"end":{"line":96,"column":53}},"37":{"start":{"line":97,"column":8},"end":{"line":97,"column":57}},"38":{"start":{"line":98,"column":8},"end":{"line":98,"column":54}},"39":{"start":{"line":99,"column":8},"end":{"line":99,"column":15}}},"fnMap":{"0":{"name":"_interopRequireDefault","decl":{"start":{"line":23,"column":9},"end":{"line":23,"column":31}},"loc":{"start":{"line":23,"column":37},"end":{"line":23,"column":95}},"line":23},"1":{"name":"theDate","decl":{"start":{"line":26,"column":23},"end":{"line":26,"column":30}},"loc":{"start":{"line":26,"column":33},"end":{"line":28,"column":1}},"line":26},"2":{"name":"(anonymous_2)","decl":{"start":{"line":66,"column":36},"end":{"line":66,"column":37}},"loc":{"start":{"line":66,"column":48},"end":{"line":130,"column":1}},"line":66},"3":{"name":"(anonymous_3)","decl":{"start":{"line":68,"column":30},"end":{"line":68,"column":31}},"loc":{"start":{"line":68,"column":42},"end":{"line":75,"column":3}},"line":68},"4":{"name":"(anonymous_4)","decl":{"start":{"line":69,"column":38},"end":{"line":69,"column":39}},"loc":{"start":{"line":69,"column":54},"end":{"line":74,"column":5}},"line":69},"5":{"name":"(anonymous_5)","decl":{"start":{"line":70,"column":128},"end":{"line":70,"column":129}},"loc":{"start":{"line":70,"column":148},"end":{"line":73,"column":7}},"line":70},"6":{"name":"(anonymous_6)","decl":{"start":{"line":77,"column":35},"end":{"line":77,"column":36}},"loc":{"start":{"line":77,"column":47},"end":{"line":86,"column":3}},"line":77},"7":{"name":"(anonymous_7)","decl":{"start":{"line":78,"column":41},"end":{"line":78,"column":42}},"loc":{"start":{"line":78,"column":57},"end":{"line":85,"column":5}},"line":78},"8":{"name":"(anonymous_8)","decl":{"start":{"line":79,"column":115},"end":{"line":79,"column":116}},"loc":{"start":{"line":79,"column":135},"end":{"line":84,"column":7}},"line":79},"9":{"name":"(anonymous_9)","decl":{"start":{"line":88,"column":31},"end":{"line":88,"column":32}},"loc":{"start":{"line":88,"column":43},"end":{"line":102,"column":3}},"line":88},"10":{"name":"(anonymous_10)","decl":{"start":{"line":91,"column":41},"end":{"line":91,"column":42}},"loc":{"start":{"line":91,"column":57},"end":{"line":101,"column":5}},"line":91},"11":{"name":"(anonymous_11)","decl":{"start":{"line":92,"column":116},"end":{"line":92,"column":117}},"loc":{"start":{"line":92,"column":136},"end":{"line":100,"column":7}},"line":92}},"branchMap":{"0":{"loc":{"start":{"line":23,"column":46},"end":{"line":23,"column":92}},"type":"cond-expr","locations":[{"start":{"line":23,"column":70},"end":{"line":23,"column":73}},{"start":{"line":23,"column":76},"end":{"line":23,"column":92}}],"line":23},"1":{"loc":{"start":{"line":23,"column":46},"end":{"line":23,"column":67}},"type":"binary-expr","locations":[{"start":{"line":23,"column":46},"end":{"line":23,"column":49}},{"start":{"line":23,"column":53},"end":{"line":23,"column":67}}],"line":23}},"s":{"0":1,"1":1,"2":1,"3":1,"4":1,"5":1,"6":1,"7":1,"8":1,"9":1,"10":5,"11":1,"12":1,"13":0,"14":1,"15":1,"16":1,"17":1,"18":1,"19":1,"20":1,"21":1,"22":1,"23":1,"24":1,"25":1,"26":1,"27":1,"28":1,"29":1,"30":1,"31":1,"32":1,"33":1,"34":1,"35":1,"36":1,"37":1,"38":1,"39":1},"f":{"0":5,"1":0,"2":1,"3":1,"4":1,"5":1,"6":1,"7":1,"8":1,"9":1,"10":1,"11":1},"b":{"0":[3,2],"1":[5,5]},"_coverageSchema":"43e27e138ebf9cfc5966b082cf9a028302ed4184","hash":"dd2d3046bde411a2e130efac6a8f9a4024f1a30d","contentHash":"1f2d0f42e6a62e62ae9abd95134fb2e0"},"C:\\Users\\Olusola\\store-manager\\api\\tests\\sales.js":{"path":"C:\\Users\\Olusola\\store-manager\\api\\tests\\sales.js","statementMap":{"0":{"start":{"line":3,"column":12},"end":{"line":3,"column":27}},"1":{"start":{"line":5,"column":13},"end":{"line":5,"column":42}},"2":{"start":{"line":7,"column":16},"end":{"line":7,"column":36}},"3":{"start":{"line":9,"column":17},"end":{"line":9,"column":50}},"4":{"start":{"line":11,"column":19},"end":{"line":11,"column":52}},"5":{"start":{"line":13,"column":20},"end":{"line":13,"column":56}},"6":{"start":{"line":15,"column":14},"end":{"line":15,"column":37}},"7":{"start":{"line":17,"column":15},"end":{"line":17,"column":46}},"8":{"start":{"line":19,"column":13},"end":{"line":19,"column":44}},"9":{"start":{"line":21,"column":14},"end":{"line":21,"column":44}},"10":{"start":{"line":23,"column":39},"end":{"line":23,"column":93}},"11":{"start":{"line":25,"column":13},"end":{"line":25,"column":36}},"12":{"start":{"line":26,"column":14},"end":{"line":28,"column":1}},"13":{"start":{"line":27,"column":2},"end":{"line":27,"column":20}},"14":{"start":{"line":30,"column":0},"end":{"line":30,"column":39}},"15":{"start":{"line":31,"column":12},"end":{"line":36,"column":1}},"16":{"start":{"line":38,"column":16},"end":{"line":44,"column":1}},"17":{"start":{"line":46,"column":15},"end":{"line":53,"column":1}},"18":{"start":{"line":55,"column":0},"end":{"line":92,"column":3}},"19":{"start":{"line":57,"column":2},"end":{"line":64,"column":5}},"20":{"start":{"line":58,"column":4},"end":{"line":63,"column":7}},"21":{"start":{"line":59,"column":6},"end":{"line":62,"column":9}},"22":{"start":{"line":60,"column":8},"end":{"line":60,"column":36}},"23":{"start":{"line":61,"column":8},"end":{"line":61,"column":15}},"24":{"start":{"line":66,"column":2},"end":{"line":75,"column":5}},"25":{"start":{"line":67,"column":4},"end":{"line":74,"column":7}},"26":{"start":{"line":68,"column":6},"end":{"line":73,"column":9}},"27":{"start":{"line":70,"column":8},"end":{"line":70,"column":39}},"28":{"start":{"line":71,"column":8},"end":{"line":71,"column":36}},"29":{"start":{"line":72,"column":8},"end":{"line":72,"column":15}},"30":{"start":{"line":77,"column":2},"end":{"line":91,"column":5}},"31":{"start":{"line":80,"column":4},"end":{"line":90,"column":7}},"32":{"start":{"line":81,"column":6},"end":{"line":89,"column":9}},"33":{"start":{"line":82,"column":8},"end":{"line":82,"column":39}},"34":{"start":{"line":83,"column":8},"end":{"line":83,"column":36}},"35":{"start":{"line":85,"column":8},"end":{"line":85,"column":53}},"36":{"start":{"line":86,"column":8},"end":{"line":86,"column":51}},"37":{"start":{"line":87,"column":8},"end":{"line":87,"column":48}},"38":{"start":{"line":88,"column":8},"end":{"line":88,"column":15}}},"fnMap":{"0":{"name":"_interopRequireDefault","decl":{"start":{"line":23,"column":9},"end":{"line":23,"column":31}},"loc":{"start":{"line":23,"column":37},"end":{"line":23,"column":95}},"line":23},"1":{"name":"theDate","decl":{"start":{"line":26,"column":23},"end":{"line":26,"column":30}},"loc":{"start":{"line":26,"column":33},"end":{"line":28,"column":1}},"line":26},"2":{"name":"(anonymous_2)","decl":{"start":{"line":55,"column":34},"end":{"line":55,"column":35}},"loc":{"start":{"line":55,"column":46},"end":{"line":92,"column":1}},"line":55},"3":{"name":"(anonymous_3)","decl":{"start":{"line":57,"column":27},"end":{"line":57,"column":28}},"loc":{"start":{"line":57,"column":39},"end":{"line":64,"column":3}},"line":57},"4":{"name":"(anonymous_4)","decl":{"start":{"line":58,"column":38},"end":{"line":58,"column":39}},"loc":{"start":{"line":58,"column":54},"end":{"line":63,"column":5}},"line":58},"5":{"name":"(anonymous_5)","decl":{"start":{"line":59,"column":127},"end":{"line":59,"column":128}},"loc":{"start":{"line":59,"column":147},"end":{"line":62,"column":7}},"line":59},"6":{"name":"(anonymous_6)","decl":{"start":{"line":66,"column":32},"end":{"line":66,"column":33}},"loc":{"start":{"line":66,"column":44},"end":{"line":75,"column":3}},"line":66},"7":{"name":"(anonymous_7)","decl":{"start":{"line":67,"column":38},"end":{"line":67,"column":39}},"loc":{"start":{"line":67,"column":54},"end":{"line":74,"column":5}},"line":67},"8":{"name":"(anonymous_8)","decl":{"start":{"line":68,"column":108},"end":{"line":68,"column":109}},"loc":{"start":{"line":68,"column":128},"end":{"line":73,"column":7}},"line":68},"9":{"name":"(anonymous_9)","decl":{"start":{"line":77,"column":28},"end":{"line":77,"column":29}},"loc":{"start":{"line":77,"column":40},"end":{"line":91,"column":3}},"line":77},"10":{"name":"(anonymous_10)","decl":{"start":{"line":80,"column":38},"end":{"line":80,"column":39}},"loc":{"start":{"line":80,"column":54},"end":{"line":90,"column":5}},"line":80},"11":{"name":"(anonymous_11)","decl":{"start":{"line":81,"column":109},"end":{"line":81,"column":110}},"loc":{"start":{"line":81,"column":129},"end":{"line":89,"column":7}},"line":81}},"branchMap":{"0":{"loc":{"start":{"line":23,"column":46},"end":{"line":23,"column":92}},"type":"cond-expr","locations":[{"start":{"line":23,"column":70},"end":{"line":23,"column":73}},{"start":{"line":23,"column":76},"end":{"line":23,"column":92}}],"line":23},"1":{"loc":{"start":{"line":23,"column":46},"end":{"line":23,"column":67}},"type":"binary-expr","locations":[{"start":{"line":23,"column":46},"end":{"line":23,"column":49}},{"start":{"line":23,"column":53},"end":{"line":23,"column":67}}],"line":23}},"s":{"0":1,"1":1,"2":1,"3":1,"4":1,"5":1,"6":1,"7":1,"8":1,"9":1,"10":5,"11":1,"12":1,"13":0,"14":1,"15":1,"16":1,"17":1,"18":1,"19":1,"20":1,"21":1,"22":1,"23":1,"24":1,"25":1,"26":1,"27":1,"28":1,"29":1,"30":1,"31":1,"32":1,"33":1,"34":1,"35":1,"36":1,"37":1,"38":1},"f":{"0":5,"1":0,"2":1,"3":1,"4":1,"5":1,"6":1,"7":1,"8":1,"9":1,"10":1,"11":1},"b":{"0":[3,2],"1":[5,5]},"_coverageSchema":"43e27e138ebf9cfc5966b082cf9a028302ed4184","hash":"11ef6d3a7cc39b18d0178b568d0961d8cac3ef70","contentHash":"28404781a007b73f8125bc5dec80ee18"},"C:\\Users\\Olusola\\store-manager\\api\\tests\\users.js":{"path":"C:\\Users\\Olusola\\store-manager\\api\\tests\\users.js","statementMap":{"0":{"start":{"line":3,"column":12},"end":{"line":3,"column":27}},"1":{"start":{"line":5,"column":13},"end":{"line":5,"column":42}},"2":{"start":{"line":7,"column":16},"end":{"line":7,"column":36}},"3":{"start":{"line":9,"column":17},"end":{"line":9,"column":50}},"4":{"start":{"line":11,"column":19},"end":{"line":11,"column":52}},"5":{"start":{"line":13,"column":20},"end":{"line":13,"column":56}},"6":{"start":{"line":15,"column":14},"end":{"line":15,"column":37}},"7":{"start":{"line":17,"column":15},"end":{"line":17,"column":46}},"8":{"start":{"line":19,"column":13},"end":{"line":19,"column":44}},"9":{"start":{"line":21,"column":14},"end":{"line":21,"column":44}},"10":{"start":{"line":23,"column":39},"end":{"line":23,"column":93}},"11":{"start":{"line":25,"column":13},"end":{"line":25,"column":36}},"12":{"start":{"line":26,"column":14},"end":{"line":28,"column":1}},"13":{"start":{"line":27,"column":2},"end":{"line":27,"column":20}},"14":{"start":{"line":30,"column":0},"end":{"line":30,"column":39}},"15":{"start":{"line":31,"column":12},"end":{"line":36,"column":1}},"16":{"start":{"line":38,"column":16},"end":{"line":45,"column":1}},"17":{"start":{"line":47,"column":14},"end":{"line":54,"column":1}},"18":{"start":{"line":56,"column":0},"end":{"line":152,"column":3}},"19":{"start":{"line":69,"column":2},"end":{"line":84,"column":5}},"20":{"start":{"line":70,"column":4},"end":{"line":76,"column":7}},"21":{"start":{"line":71,"column":6},"end":{"line":74,"column":9}},"22":{"start":{"line":72,"column":8},"end":{"line":72,"column":39}},"23":{"start":{"line":73,"column":8},"end":{"line":73,"column":50}},"24":{"start":{"line":75,"column":6},"end":{"line":75,"column":13}},"25":{"start":{"line":78,"column":4},"end":{"line":83,"column":7}},"26":{"start":{"line":79,"column":6},"end":{"line":81,"column":9}},"27":{"start":{"line":80,"column":8},"end":{"line":80,"column":36}},"28":{"start":{"line":82,"column":6},"end":{"line":82,"column":13}},"29":{"start":{"line":86,"column":2},"end":{"line":93,"column":5}},"30":{"start":{"line":87,"column":4},"end":{"line":92,"column":7}},"31":{"start":{"line":88,"column":6},"end":{"line":91,"column":9}},"32":{"start":{"line":89,"column":8},"end":{"line":89,"column":36}},"33":{"start":{"line":90,"column":8},"end":{"line":90,"column":15}},"34":{"start":{"line":95,"column":2},"end":{"line":106,"column":5}},"35":{"start":{"line":98,"column":4},"end":{"line":105,"column":7}},"36":{"start":{"line":99,"column":6},"end":{"line":104,"column":9}},"37":{"start":{"line":101,"column":8},"end":{"line":101,"column":39}},"38":{"start":{"line":102,"column":8},"end":{"line":102,"column":36}},"39":{"start":{"line":103,"column":8},"end":{"line":103,"column":15}},"40":{"start":{"line":108,"column":2},"end":{"line":124,"column":5}},"41":{"start":{"line":111,"column":4},"end":{"line":123,"column":7}},"42":{"start":{"line":112,"column":6},"end":{"line":122,"column":9}},"43":{"start":{"line":113,"column":8},"end":{"line":113,"column":39}},"44":{"start":{"line":114,"column":8},"end":{"line":114,"column":36}},"45":{"start":{"line":116,"column":8},"end":{"line":116,"column":50}},"46":{"start":{"line":117,"column":8},"end":{"line":117,"column":71}},"47":{"start":{"line":118,"column":8},"end":{"line":118,"column":50}},"48":{"start":{"line":119,"column":8},"end":{"line":119,"column":49}},"49":{"start":{"line":120,"column":8},"end":{"line":120,"column":68}},"50":{"start":{"line":121,"column":8},"end":{"line":121,"column":15}}},"fnMap":{"0":{"name":"_interopRequireDefault","decl":{"start":{"line":23,"column":9},"end":{"line":23,"column":31}},"loc":{"start":{"line":23,"column":37},"end":{"line":23,"column":95}},"line":23},"1":{"name":"theDate","decl":{"start":{"line":26,"column":23},"end":{"line":26,"column":30}},"loc":{"start":{"line":26,"column":33},"end":{"line":28,"column":1}},"line":26},"2":{"name":"(anonymous_2)","decl":{"start":{"line":56,"column":33},"end":{"line":56,"column":34}},"loc":{"start":{"line":56,"column":45},"end":{"line":152,"column":1}},"line":56},"3":{"name":"(anonymous_3)","decl":{"start":{"line":69,"column":39},"end":{"line":69,"column":40}},"loc":{"start":{"line":69,"column":51},"end":{"line":84,"column":3}},"line":69},"4":{"name":"(anonymous_4)","decl":{"start":{"line":70,"column":30},"end":{"line":70,"column":31}},"loc":{"start":{"line":70,"column":46},"end":{"line":76,"column":5}},"line":70},"5":{"name":"(anonymous_5)","decl":{"start":{"line":71,"column":90},"end":{"line":71,"column":91}},"loc":{"start":{"line":71,"column":110},"end":{"line":74,"column":7}},"line":71},"6":{"name":"(anonymous_6)","decl":{"start":{"line":78,"column":48},"end":{"line":78,"column":49}},"loc":{"start":{"line":78,"column":64},"end":{"line":83,"column":5}},"line":78},"7":{"name":"(anonymous_7)","decl":{"start":{"line":79,"column":85},"end":{"line":79,"column":86}},"loc":{"start":{"line":79,"column":105},"end":{"line":81,"column":7}},"line":79},"8":{"name":"(anonymous_8)","decl":{"start":{"line":86,"column":27},"end":{"line":86,"column":28}},"loc":{"start":{"line":86,"column":39},"end":{"line":93,"column":3}},"line":86},"9":{"name":"(anonymous_9)","decl":{"start":{"line":87,"column":33},"end":{"line":87,"column":34}},"loc":{"start":{"line":87,"column":49},"end":{"line":92,"column":5}},"line":87},"10":{"name":"(anonymous_10)","decl":{"start":{"line":88,"column":128},"end":{"line":88,"column":129}},"loc":{"start":{"line":88,"column":148},"end":{"line":91,"column":7}},"line":88},"11":{"name":"(anonymous_11)","decl":{"start":{"line":95,"column":32},"end":{"line":95,"column":33}},"loc":{"start":{"line":95,"column":44},"end":{"line":106,"column":3}},"line":95},"12":{"name":"(anonymous_12)","decl":{"start":{"line":98,"column":38},"end":{"line":98,"column":39}},"loc":{"start":{"line":98,"column":54},"end":{"line":105,"column":5}},"line":98},"13":{"name":"(anonymous_13)","decl":{"start":{"line":99,"column":107},"end":{"line":99,"column":108}},"loc":{"start":{"line":99,"column":127},"end":{"line":104,"column":7}},"line":99},"14":{"name":"(anonymous_14)","decl":{"start":{"line":108,"column":28},"end":{"line":108,"column":29}},"loc":{"start":{"line":108,"column":40},"end":{"line":124,"column":3}},"line":108},"15":{"name":"(anonymous_15)","decl":{"start":{"line":111,"column":38},"end":{"line":111,"column":39}},"loc":{"start":{"line":111,"column":54},"end":{"line":123,"column":5}},"line":111},"16":{"name":"(anonymous_16)","decl":{"start":{"line":112,"column":109},"end":{"line":112,"column":110}},"loc":{"start":{"line":112,"column":129},"end":{"line":122,"column":7}},"line":112}},"branchMap":{"0":{"loc":{"start":{"line":23,"column":46},"end":{"line":23,"column":92}},"type":"cond-expr","locations":[{"start":{"line":23,"column":70},"end":{"line":23,"column":73}},{"start":{"line":23,"column":76},"end":{"line":23,"column":92}}],"line":23},"1":{"loc":{"start":{"line":23,"column":46},"end":{"line":23,"column":67}},"type":"binary-expr","locations":[{"start":{"line":23,"column":46},"end":{"line":23,"column":49}},{"start":{"line":23,"column":53},"end":{"line":23,"column":67}}],"line":23}},"s":{"0":1,"1":1,"2":1,"3":1,"4":1,"5":1,"6":1,"7":1,"8":1,"9":1,"10":5,"11":1,"12":1,"13":1,"14":1,"15":1,"16":1,"17":1,"18":1,"19":1,"20":1,"21":1,"22":1,"23":1,"24":1,"25":1,"26":1,"27":1,"28":1,"29":1,"30":1,"31":1,"32":1,"33":1,"34":1,"35":1,"36":1,"37":1,"38":1,"39":1,"40":1,"41":1,"42":1,"43":1,"44":1,"45":1,"46":1,"47":1,"48":1,"49":1,"50":1},"f":{"0":5,"1":1,"2":1,"3":1,"4":1,"5":1,"6":1,"7":1,"8":1,"9":1,"10":1,"11":1,"12":1,"13":1,"14":1,"15":1,"16":1},"b":{"0":[3,2],"1":[5,5]},"_coverageSchema":"43e27e138ebf9cfc5966b082cf9a028302ed4184","hash":"05f3be4d799cdb2091e5545e00471a8e17304a3f","contentHash":"ebed1e58715b1da59f14dcf7db6331b8"}}