TN:
SF:C:/Users/Olusola/store-manager/server.js
FN:21,(anonymous_1)
FN:34,(anonymous_2)
FNF:2
FNH:1
FNDA:0,(anonymous_1)
FNDA:1,(anonymous_2)
DA:1,1
DA:3,1
DA:4,1
DA:6,1
DA:7,1
DA:8,1
DA:9,1
DA:10,1
DA:11,1
DA:16,1
DA:17,1
DA:18,1
DA:21,1
DA:25,1
DA:26,1
DA:27,1
DA:28,1
DA:29,1
DA:30,1
DA:33,1
DA:34,1
LF:21
LH:21
BRDA:33,0,0,1
BRDA:33,0,1,1
BRF:2
BRH:2
end_of_record
TN:
SF:C:/Users/Olusola/store-manager/api/controllers/categories.js
FN:4,(anonymous_7)
FN:4,_callee
FN:4,_callee2
FN:4,_callee3
FN:4,_callee4
FN:4,_callee5
FNF:6
FNH:1
FNDA:5,(anonymous_7)
FNDA:0,_callee
FNDA:0,_callee2
FNDA:0,_callee3
FNDA:0,_callee4
FNDA:0,_callee5
DA:1,1
DA:2,1
DA:4,10
DA:19,0
DA:23,0
DA:29,0
DA:42,0
DA:44,0
DA:57,0
DA:58,0
DA:60,0
DA:82,0
DA:83,0
DA:87,0
DA:91,0
DA:96,0
DA:109,0
DA:111,0
DA:115,0
LF:19
LH:3
BRDA:4,0,0,0
BRDA:4,0,1,0
BRDA:4,0,2,0
BRDA:4,0,3,0
BRDA:4,0,4,0
BRDA:4,0,5,0
BRDA:4,1,0,0
BRDA:4,1,1,0
BRDA:4,2,0,0
BRDA:4,2,1,0
BRDA:4,2,2,0
BRDA:4,2,3,0
BRDA:4,2,4,0
BRDA:4,3,0,0
BRDA:4,3,1,0
BRDA:4,3,2,0
BRDA:4,3,3,0
BRDA:4,3,4,0
BRDA:4,3,5,0
BRDA:4,3,6,0
BRDA:4,3,7,0
BRDA:92,4,0,0
BRDA:92,4,1,0
BRDA:93,5,0,0
BRDA:93,5,1,0
BRF:25
BRH:0
end_of_record
TN:
SF:C:/Users/Olusola/store-manager/api/controllers/incidents.js
FN:4,(anonymous_7)
FN:4,_callee
FN:4,_callee2
FN:4,_callee3
FN:4,_callee4
FN:4,_callee5
FNF:6
FNH:1
FNDA:5,(anonymous_7)
FNDA:0,_callee
FNDA:0,_callee2
FNDA:0,_callee3
FNDA:0,_callee4
FNDA:0,_callee5
DA:1,1
DA:2,1
DA:4,10
DA:19,0
DA:23,0
DA:30,0
DA:43,0
DA:45,0
DA:58,0
DA:59,0
DA:61,0
DA:83,0
DA:84,0
DA:88,0
DA:92,0
DA:98,0
DA:111,0
DA:113,0
LF:18
LH:3
BRDA:4,0,0,0
BRDA:4,0,1,0
BRDA:4,0,2,0
BRDA:4,0,3,0
BRDA:4,0,4,0
BRDA:4,0,5,0
BRDA:4,1,0,0
BRDA:4,1,1,0
BRDA:4,2,0,0
BRDA:4,2,1,0
BRDA:4,2,2,0
BRDA:4,2,3,0
BRDA:4,2,4,0
BRDA:4,3,0,0
BRDA:4,3,1,0
BRDA:4,3,2,0
BRDA:4,3,3,0
BRDA:4,3,4,0
BRDA:4,3,5,0
BRDA:4,3,6,0
BRDA:4,3,7,0
BRDA:93,4,0,0
BRDA:93,4,1,0
BRDA:94,5,0,0
BRDA:94,5,1,0
BRDA:95,6,0,0
BRDA:95,6,1,0
BRF:27
BRH:0
end_of_record
TN:
SF:C:/Users/Olusola/store-manager/api/controllers/products.js
FN:4,(anonymous_7)
FN:4,_callee
FN:4,_callee2
FN:4,_callee3
FN:4,_callee4
FN:4,_callee5
FNF:6
FNH:1
FNDA:5,(anonymous_7)
FNDA:0,_callee
FNDA:0,_callee2
FNDA:0,_callee3
FNDA:0,_callee4
FNDA:0,_callee5
DA:1,1
DA:2,1
DA:4,10
DA:19,0
DA:23,0
DA:33,0
DA:46,0
DA:48,0
DA:62,0
DA:63,0
DA:65,0
DA:88,0
DA:89,0
DA:93,0
DA:97,0
DA:106,0
DA:119,0
DA:121,0
DA:125,0
LF:19
LH:3
BRDA:4,0,0,0
BRDA:4,0,1,0
BRDA:4,0,2,0
BRDA:4,0,3,0
BRDA:4,0,4,0
BRDA:4,0,5,0
BRDA:4,1,0,0
BRDA:4,1,1,0
BRDA:4,2,0,0
BRDA:4,2,1,0
BRDA:4,2,2,0
BRDA:4,2,3,0
BRDA:4,2,4,0
BRDA:4,3,0,0
BRDA:4,3,1,0
BRDA:4,3,2,0
BRDA:4,3,3,0
BRDA:4,3,4,0
BRDA:4,3,5,0
BRDA:4,3,6,0
BRDA:4,3,7,0
BRDA:98,4,0,0
BRDA:98,4,1,0
BRDA:99,5,0,0
BRDA:99,5,1,0
BRDA:100,6,0,0
BRDA:100,6,1,0
BRDA:101,7,0,0
BRDA:101,7,1,0
BRDA:102,8,0,0
BRDA:102,8,1,0
BRDA:103,9,0,0
BRDA:103,9,1,0
BRF:33
BRH:0
end_of_record
TN:
SF:C:/Users/Olusola/store-manager/api/controllers/sales.js
FN:4,(anonymous_7)
FN:4,_callee
FN:4,_callee2
FN:4,_callee3
FNF:4
FNH:1
FNDA:3,(anonymous_7)
FNDA:0,_callee
FNDA:0,_callee2
FNDA:0,_callee3
DA:1,1
DA:2,1
DA:4,6
DA:19,0
DA:23,0
DA:32,0
DA:45,0
DA:47,0
DA:60,0
DA:61,0
DA:63,0
LF:11
LH:3
BRDA:4,0,0,0
BRDA:4,0,1,0
BRDA:4,0,2,0
BRDA:4,0,3,0
BRDA:4,0,4,0
BRDA:4,0,5,0
BRDA:4,1,0,0
BRDA:4,1,1,0
BRDA:4,2,0,0
BRDA:4,2,1,0
BRDA:4,2,2,0
BRDA:4,2,3,0
BRDA:4,2,4,0
BRF:13
BRH:0
end_of_record
TN:
SF:C:/Users/Olusola/store-manager/api/controllers/users.js
FN:9,(anonymous_7)
FN:9,_callee
FN:9,_callee2
FN:98,(anonymous_14)
FN:9,_callee3
FN:9,_callee4
FN:9,_callee5
FN:9,_callee6
FN:9,_callee7
FN:9,logout
FN:236,(anonymous_37)
FNF:11
FNH:6
FNDA:29,(anonymous_7)
FNDA:1,_callee
FNDA:2,_callee2
FNDA:0,(anonymous_14)
FNDA:1,_callee3
FNDA:1,_callee4
FNDA:0,_callee5
FNDA:0,_callee6
FNDA:1,_callee7
FNDA:0,logout
FNDA:0,(anonymous_37)
DA:1,1
DA:2,1
DA:3,1
DA:4,1
DA:5,1
DA:6,1
DA:9,99
DA:36,1
DA:37,1
DA:41,1
DA:49,0
DA:73,0
DA:76,0
DA:78,0
DA:84,0
DA:87,0
DA:94,0
DA:99,0
DA:117,1
DA:119,0
DA:132,1
DA:133,1
DA:135,0
DA:153,0
DA:154,0
DA:157,0
DA:160,0
DA:189,0
DA:190,0
DA:194,0
DA:198,0
DA:199,0
DA:207,0
DA:220,1
DA:222,0
DA:226,0
DA:234,0
DA:236,0
DA:237,0
DA:238,0
DA:240,0
LF:41
LH:14
BRDA:9,0,0,3
BRDA:9,0,1,1
BRDA:9,0,2,0
BRDA:9,0,3,3
BRDA:9,0,4,0
BRDA:9,0,5,3
BRDA:9,1,0,1
BRDA:9,1,1,2
BRDA:9,2,0,2
BRDA:9,2,1,0
BRDA:9,2,2,0
BRDA:9,2,3,0
BRDA:9,2,4,0
BRDA:9,2,5,0
BRDA:9,2,6,0
BRDA:9,2,7,2
BRDA:9,3,0,1
BRDA:9,3,1,0
BRDA:9,3,2,1
BRDA:9,3,3,0
BRDA:9,3,4,1
BRDA:9,4,0,0
BRDA:9,4,1,0
BRDA:9,4,2,0
BRDA:9,4,3,0
BRDA:9,4,4,0
BRDA:9,4,5,0
BRDA:9,4,6,0
BRDA:200,5,0,0
BRDA:200,5,1,0
BRDA:201,6,0,0
BRDA:201,6,1,0
BRDA:202,7,0,0
BRDA:202,7,1,0
BRDA:203,8,0,0
BRDA:203,8,1,0
BRDA:234,9,0,0
BRDA:234,9,1,0
BRDA:237,10,0,0
BRDA:237,10,1,0
BRF:40
BRH:11
end_of_record
TN:
SF:C:/Users/Olusola/store-manager/api/models/connect.js
FN:11,connectionEnv
FN:22,(anonymous_2)
FN:27,query
FN:35,(anonymous_4)
FN:37,(anonymous_5)
FN:40,(anonymous_6)
FNF:6
FNH:4
FNDA:1,connectionEnv
FNDA:0,(anonymous_2)
FNDA:4,query
FNDA:4,(anonymous_4)
FNDA:0,(anonymous_5)
FNDA:4,(anonymous_6)
DA:1,1
DA:2,1
DA:4,1
DA:11,1
DA:12,1
DA:13,1
DA:15,0
DA:19,1
DA:22,1
DA:23,0
DA:35,4
DA:36,4
DA:38,0
DA:41,4
LF:14
LH:11
BRDA:12,0,0,1
BRDA:12,0,1,0
BRF:2
BRH:1
end_of_record
TN:
SF:C:/Users/Olusola/store-manager/api/routes/auth.js
FNF:0
FNH:0
DA:1,1
DA:2,1
DA:3,1
DA:5,1
DA:9,1
DA:10,1
DA:11,1
DA:12,1
LF:8
LH:8
BRF:0
BRH:0
end_of_record
TN:
SF:C:/Users/Olusola/store-manager/api/routes/categories.js
FNF:0
FNH:0
DA:1,1
DA:2,1
DA:3,1
DA:5,1
DA:8,1
DA:9,1
DA:10,1
DA:11,1
DA:12,1
DA:14,1
LF:10
LH:10
BRF:0
BRH:0
end_of_record
TN:
SF:C:/Users/Olusola/store-manager/api/routes/incidents.js
FNF:0
FNH:0
DA:1,1
DA:2,1
DA:3,1
DA:5,1
DA:8,1
DA:9,1
DA:10,1
DA:13,1
LF:8
LH:8
BRF:0
BRH:0
end_of_record
TN:
SF:C:/Users/Olusola/store-manager/api/routes/products.js
FNF:0
FNH:0
DA:1,1
DA:2,1
DA:3,1
DA:5,1
DA:8,1
DA:9,1
DA:10,1
DA:11,1
DA:12,1
DA:14,1
LF:10
LH:10
BRF:0
BRH:0
end_of_record
TN:
SF:C:/Users/Olusola/store-manager/api/routes/sales.js
FNF:0
FNH:0
DA:1,1
DA:2,1
DA:3,1
DA:5,1
DA:7,1
DA:8,1
DA:9,1
DA:11,1
LF:8
LH:8
BRF:0
BRH:0
end_of_record
TN:
SF:C:/Users/Olusola/store-manager/api/routes/users.js
FNF:0
FNH:0
DA:1,1
DA:2,1
DA:3,1
DA:5,1
DA:7,1
DA:8,1
DA:9,1
DA:10,1
DA:11,1
DA:13,1
LF:10
LH:10
BRF:0
BRH:0
end_of_record
TN:
SF:C:/Users/Olusola/store-manager/api/tests/users.js
FN:8,theDate
FN:35,(anonymous_2)
FN:48,(anonymous_3)
FN:49,(anonymous_4)
FN:53,(anonymous_5)
FN:60,(anonymous_6)
FN:64,(anonymous_7)
FN:71,(anonymous_8)
FN:72,(anonymous_9)
FN:77,(anonymous_10)
FN:85,(anonymous_11)
FN:88,(anonymous_12)
FN:92,(anonymous_13)
FN:101,(anonymous_14)
FN:104,(anonymous_15)
FN:108,(anonymous_16)
FN:137,(anonymous_17)
FN:138,(anonymous_18)
FN:142,(anonymous_19)
FNF:19
FNH:18
FNDA:0,theDate
FNDA:1,(anonymous_2)
FNDA:1,(anonymous_3)
FNDA:1,(anonymous_4)
FNDA:1,(anonymous_5)
FNDA:1,(anonymous_6)
FNDA:1,(anonymous_7)
FNDA:1,(anonymous_8)
FNDA:1,(anonymous_9)
FNDA:1,(anonymous_10)
FNDA:1,(anonymous_11)
FNDA:1,(anonymous_12)
FNDA:1,(anonymous_13)
FNDA:1,(anonymous_14)
FNDA:1,(anonymous_15)
FNDA:1,(anonymous_16)
FNDA:1,(anonymous_17)
FNDA:1,(anonymous_18)
FNDA:1,(anonymous_19)
DA:1,1
DA:2,1
DA:3,1
DA:4,1
DA:5,1
DA:7,1
DA:8,1
DA:10,1
DA:11,1
DA:18,1
DA:26,1
DA:35,1
DA:48,1
DA:49,1
DA:50,1
DA:54,1
DA:55,1
DA:57,1
DA:60,1
DA:61,1
DA:65,1
DA:67,1
DA:71,1
DA:72,1
DA:73,1
DA:78,1
DA:79,0
DA:85,1
DA:88,1
DA:89,1
DA:94,1
DA:95,1
DA:96,0
DA:101,1
DA:104,1
DA:105,1
DA:109,1
DA:110,1
DA:112,0
DA:113,0
DA:114,0
DA:115,0
DA:116,0
DA:117,0
DA:137,1
DA:138,1
DA:139,1
DA:143,1
DA:144,0
LF:49
LH:40
BRF:0
BRH:0
end_of_record
TN:
SF:C:/Users/Olusola/store-manager/api/validation/auth.js
FN:4,adminAccess
FN:22,userAccess
FN:29,(anonymous_3)
FNF:3
FNH:1
FNDA:4,adminAccess
FNDA:0,userAccess
FNDA:0,(anonymous_3)
DA:1,1
DA:2,1
DA:5,4
DA:6,4
DA:7,4
DA:8,4
DA:9,0
DA:12,4
DA:13,4
DA:15,0
DA:17,4
DA:23,0
DA:24,0
DA:25,0
DA:26,0
DA:27,0
DA:29,0
DA:30,0
DA:31,0
DA:33,0
LF:20
LH:9
BRDA:6,0,0,4
BRDA:6,0,1,0
BRDA:8,1,0,0
BRDA:8,1,1,4
BRDA:13,2,0,0
BRDA:13,2,1,4
BRDA:13,3,0,4
BRDA:13,3,1,4
BRDA:13,3,2,4
BRDA:24,4,0,0
BRDA:24,4,1,0
BRDA:26,5,0,0
BRDA:26,5,1,0
BRDA:30,6,0,0
BRDA:30,6,1,0
BRF:15
BRH:6
end_of_record
TN:
SF:C:/Users/Olusola/store-manager/api/validation/categories.js
FN:5,validateProduct
FNF:1
FNH:0
FNDA:0,validateProduct
DA:1,1
DA:2,1
DA:6,0
DA:7,0
DA:9,0
DA:10,0
DA:13,0
LF:7
LH:2
BRDA:7,0,0,0
BRDA:7,0,1,0
BRDA:9,1,0,0
BRDA:9,1,1,0
BRF:4
BRH:0
end_of_record
TN:
SF:C:/Users/Olusola/store-manager/api/validation/checkEmpty.js
FN:1,checkEmpty
FNF:1
FNH:1
FNDA:12,checkEmpty
DA:1,12
LF:1
LH:1
BRDA:1,0,0,12
BRDA:1,0,1,10
BRDA:1,0,2,10
BRDA:1,0,3,3
BRDA:1,0,4,9
BRDA:1,0,5,7
BRDA:1,1,0,0
BRDA:1,1,1,10
BRF:8
BRH:7
end_of_record
TN:
SF:C:/Users/Olusola/store-manager/api/validation/incidents.js
FN:5,validateIncidents
FNF:1
FNH:0
FNDA:0,validateIncidents
DA:1,1
DA:2,1
DA:6,0
DA:7,0
DA:8,0
DA:10,0
DA:11,0
DA:14,0
DA:15,0
DA:17,0
LF:10
LH:2
BRDA:7,0,0,0
BRDA:7,0,1,0
BRDA:8,1,0,0
BRDA:8,1,1,0
BRDA:10,2,0,0
BRDA:10,2,1,0
BRDA:14,3,0,0
BRDA:14,3,1,0
BRF:8
BRH:0
end_of_record
TN:
SF:C:/Users/Olusola/store-manager/api/validation/login.js
FN:5,validateLogin
FNF:1
FNH:1
FNDA:2,validateLogin
DA:1,1
DA:2,1
DA:6,2
DA:7,2
DA:8,2
DA:10,2
DA:11,1
DA:14,2
DA:15,1
DA:17,2
LF:10
LH:10
BRDA:7,0,0,1
BRDA:7,0,1,1
BRDA:8,1,0,1
BRDA:8,1,1,1
BRDA:10,2,0,1
BRDA:10,2,1,1
BRDA:14,3,0,1
BRDA:14,3,1,1
BRF:8
BRH:8
end_of_record
TN:
SF:C:/Users/Olusola/store-manager/api/validation/products.js
FN:5,validateProduct
FNF:1
FNH:0
FNDA:0,validateProduct
DA:1,1
DA:2,1
DA:6,0
DA:7,0
DA:8,0
DA:9,0
DA:11,0
DA:12,0
DA:16,0
DA:17,0
DA:20,0
DA:21,0
DA:29,0
LF:13
LH:2
BRDA:7,0,0,0
BRDA:7,0,1,0
BRDA:8,1,0,0
BRDA:8,1,1,0
BRDA:9,2,0,0
BRDA:9,2,1,0
BRDA:11,3,0,0
BRDA:11,3,1,0
BRDA:16,4,0,0
BRDA:16,4,1,0
BRDA:20,5,0,0
BRDA:20,5,1,0
BRF:12
BRH:0
end_of_record
TN:
SF:C:/Users/Olusola/store-manager/api/validation/register.js
FN:5,validateRegister
FNF:1
FNH:1
FNDA:1,validateRegister
DA:1,1
DA:2,1
DA:6,1
DA:7,1
DA:8,1
DA:9,1
DA:10,1
DA:11,1
DA:13,1
DA:14,0
DA:18,1
DA:19,0
DA:22,1
DA:23,0
DA:26,1
DA:27,0
DA:30,1
DA:31,0
DA:34,1
LF:19
LH:14
BRDA:7,0,0,1
BRDA:7,0,1,0
BRDA:8,1,0,1
BRDA:8,1,1,0
BRDA:9,2,0,1
BRDA:9,2,1,0
BRDA:10,3,0,1
BRDA:10,3,1,0
BRDA:11,4,0,1
BRDA:11,4,1,0
BRDA:13,5,0,0
BRDA:13,5,1,1
BRDA:18,6,0,0
BRDA:18,6,1,1
BRDA:22,7,0,0
BRDA:22,7,1,1
BRDA:26,8,0,0
BRDA:26,8,1,1
BRDA:30,9,0,0
BRDA:30,9,1,1
BRF:20
BRH:10
end_of_record
TN:
SF:C:/Users/Olusola/store-manager/api/validation/sales.js
FN:5,validateSales
FNF:1
FNH:0
FNDA:0,validateSales
DA:1,1
DA:2,1
DA:6,0
DA:7,0
DA:8,0
DA:9,0
DA:10,0
DA:12,0
DA:13,0
DA:17,0
DA:18,0
DA:21,0
DA:22,0
DA:30,0
LF:14
LH:2
BRDA:7,0,0,0
BRDA:7,0,1,0
BRDA:8,1,0,0
BRDA:8,1,1,0
BRDA:9,2,0,0
BRDA:9,2,1,0
BRDA:10,3,0,0
BRDA:10,3,1,0
BRDA:12,4,0,0
BRDA:12,4,1,0
BRDA:17,5,0,0
BRDA:17,5,1,0
BRDA:21,6,0,0
BRDA:21,6,1,0
BRF:14
BRH:0
end_of_record
